[2022-07-08 06:04:49.473] [exthost] [info] Extension host with pid 12795 started
[2022-07-08 06:04:49.488] [exthost] [info] Lock '/root/.vscode-server/data/User/workspaceStorage/bd208c65b201b934fe3ac87f6b89487c/vscode.lock': Lock acquired.
[2022-07-08 06:04:50.617] [exthost] [info] ExtensionService#_doActivateExtension vscode.typescript-language-features, startup: false, activationEvent: 'onLanguage:javascript'
[2022-07-08 06:04:50.687] [exthost] [info] ExtensionService#_doActivateExtension vscode.debug-auto-launch, startup: true, activationEvent: '*'
[2022-07-08 06:04:50.691] [exthost] [info] ExtensionService#_doActivateExtension vscode.git-base, startup: true, activationEvent: '*', root cause: vscode.git
[2022-07-08 06:04:50.705] [exthost] [info] ExtensionService#_doActivateExtension vscode.ipynb, startup: true, activationEvent: '*'
[2022-07-08 06:04:50.722] [exthost] [info] ExtensionService#_doActivateExtension ecmel.vscode-html-css, startup: true, activationEvent: '*'
[2022-07-08 06:04:53.254] [exthost] [info] ExtensionService#_doActivateExtension vscode.git, startup: true, activationEvent: '*'
[2022-07-08 06:04:53.321] [exthost] [info] ExtensionService#_doActivateExtension vscode.github, startup: true, activationEvent: '*'
[2022-07-08 06:04:54.005] [exthost] [info] ExtensionService#_doActivateExtension vscode.emmet, startup: false, activationEvent: 'onStartupFinished'
[2022-07-08 06:04:54.033] [exthost] [info] ExtensionService#_doActivateExtension vscode.merge-conflict, startup: false, activationEvent: 'onStartupFinished'
[2022-07-08 06:04:54.041] [exthost] [info] Eager extensions activated
[2022-07-08 06:05:45.603] [exthost] [info] ExtensionService#_doActivateExtension vscode.configuration-editing, startup: false, activationEvent: 'onLanguage:json'
[2022-07-08 06:05:45.613] [exthost] [info] ExtensionService#_doActivateExtension vscode.extension-editing, startup: false, activationEvent: 'onLanguage:json'
[2022-07-08 06:05:45.635] [exthost] [info] ExtensionService#_doActivateExtension vscode.json-language-features, startup: false, activationEvent: 'onLanguage:json'
[2022-07-08 06:05:45.712] [exthost] [info] ExtensionService#_doActivateExtension vscode.npm, startup: false, activationEvent: 'onLanguage:json'
[2022-07-08 07:30:10.403] [exthost] [info] ExtensionService#_doActivateExtension formulahendry.vscode-mysql, startup: false, activationEvent: 'onView:mysql'
[2022-07-08 07:42:43.853] [exthost] [info] Extension host terminating: received terminate message from renderer
[2022-07-08 07:42:43.853] [exthost] [info] Lock '/root/.vscode-server/data/User/workspaceStorage/bd208c65b201b934fe3ac87f6b89487c/vscode.lock': Marking the lockfile as scheduled to be released in 6000 ms.
[2022-07-08 07:42:43.875] [exthost] [info] Extension host with pid 12795 exiting with code 0
