0 verbose cli /usr/local/bin/node /usr/local/bin/npm
1 info using npm@8.13.2
2 info using node@v16.16.0
3 timing npm:load:whichnode Completed in 0ms
4 timing config:load:defaults Completed in 3ms
5 timing config:load:file:/usr/local/lib/node_modules/npm/npmrc Completed in 25ms
6 timing config:load:builtin Completed in 25ms
7 timing config:load:cli Completed in 11ms
8 timing config:load:env Completed in 0ms
9 timing config:load:file:/root/.cache/typescript/4.7/.npmrc Completed in 0ms
10 timing config:load:project Completed in 18ms
11 timing config:load:file:/root/.npmrc Completed in 0ms
12 timing config:load:user Completed in 1ms
13 timing config:load:file:/usr/local/etc/npmrc Completed in 0ms
14 timing config:load:global Completed in 0ms
15 timing config:load:validate Completed in 0ms
16 timing config:load:credentials Completed in 4ms
17 timing config:load:setEnvs Completed in 1ms
18 timing config:load Completed in 63ms
19 timing npm:load:configload Completed in 63ms
20 timing npm:load:mkdirpcache Completed in 2ms
21 timing npm:load:mkdirplogs Completed in 1ms
22 verbose title npm install @types/color@ts4.7
23 verbose argv "install" "--ignore-scripts" "@types/color@ts4.7" "--save-dev" "--user-agent" "typesInstaller/4.7.3"
24 timing npm:load:setTitle Completed in 19ms
25 timing config:load:flatten Completed in 2ms
26 timing npm:load:display Completed in 4ms
27 verbose logfile logs-max:10 dir:/root/.npm/_logs
28 verbose logfile /root/.npm/_logs/2022-07-11T12_57_51_946Z-debug-0.log
29 timing npm:load:logFile Completed in 18ms
30 timing npm:load:timers Completed in 0ms
31 timing npm:load:configScope Completed in 0ms
32 timing npm:load Completed in 107ms
33 timing arborist:ctor Completed in 0ms
34 silly logfile start cleaning logs, removing 1 files
35 silly logfile done cleaning log files
36 timing idealTree:init Completed in 98ms
37 timing arborist:ctor Completed in 0ms
38 http fetch GET 200 https://registry.npmjs.org/@types%2fcolor 527ms (cache miss)
39 timing idealTree:userRequests Completed in 548ms
40 silly idealTree buildDeps
41 silly fetch manifest @types/color@3.0.3
42 silly placeDep ROOT @types/color@3.0.3 OK for:  want: 3.0.3
43 silly fetch manifest @types/color-convert@*
44 http fetch GET 200 https://registry.npmjs.org/@types%2fcolor-convert 57ms (cache revalidated)
45 timing idealTree:#root Completed in 70ms
46 silly placeDep ROOT @types/color-convert@2.0.0 OK for: @types/color@3.0.3 want: *
47 silly fetch manifest @types/color-name@*
48 http fetch GET 200 https://registry.npmjs.org/@types%2fcolor-name 56ms (cache revalidated)
49 timing idealTree:node_modules/@types/color Completed in 61ms
50 silly placeDep ROOT @types/color-name@1.1.1 OK for: @types/color-convert@2.0.0 want: *
51 timing idealTree:node_modules/@types/color-convert Completed in 3ms
52 timing idealTree:node_modules/@types/color-name Completed in 0ms
53 timing idealTree:buildDeps Completed in 136ms
54 timing idealTree:fixDepFlags Completed in 2ms
55 timing idealTree Completed in 787ms
56 timing reify:loadTrees Completed in 788ms
57 timing reify:diffTrees Completed in 7ms
58 silly reify moves {}
59 timing reify:retireShallow Completed in 2ms
60 timing reify:createSparse Completed in 3ms
61 timing reify:loadBundles Completed in 0ms
62 silly audit bulk request {
62 silly audit   '@babel/helper-validator-identifier': [ '7.18.6' ],
62 silly audit   '@babel/parser': [ '7.18.8' ],
62 silly audit   '@babel/types': [ '7.18.8' ],
62 silly audit   '@popperjs/core': [ '2.11.5' ],
62 silly audit   '@types/accepts': [ '1.3.5' ],
62 silly audit   '@types/babel__core': [ '7.1.19' ],
62 silly audit   '@types/babel__generator': [ '7.6.4' ],
62 silly audit   '@types/babel__template': [ '7.4.1' ],
62 silly audit   '@types/babel__traverse': [ '7.17.1' ],
62 silly audit   '@types/babel-generator': [ '6.25.5' ],
62 silly audit   '@types/babel-template': [ '6.25.2' ],
62 silly audit   '@types/babel-traverse': [ '6.25.7' ],
62 silly audit   '@types/babel-types': [ '7.0.11' ],
62 silly audit   '@types/babylon': [ '6.16.6' ],
62 silly audit   '@types/body-parser': [ '1.19.2' ],
62 silly audit   '@types/bootstrap': [ '5.1.12' ],
62 silly audit   '@types/bytes': [ '3.1.1' ],
62 silly audit   '@types/call-bind': [ '1.0.1' ],
62 silly audit   '@types/connect': [ '3.4.35' ],
62 silly audit   '@types/content-disposition': [ '0.5.5' ],
62 silly audit   '@types/content-type': [ '1.1.5' ],
62 silly audit   '@types/cookie': [ '0.5.1' ],
62 silly audit   '@types/cookie-signature': [ '1.0.4' ],
62 silly audit   '@types/cors': [ '2.8.12' ],
62 silly audit   '@types/debug': [ '4.1.7' ],
62 silly audit   '@types/depd': [ '1.1.32' ],
62 silly audit   '@types/destroy': [ '1.0.0' ],
62 silly audit   '@types/ee-first': [ '1.1.0' ],
62 silly audit   '@types/encodeurl': [ '1.0.0' ],
62 silly audit   '@types/escape-html': [ '1.0.2' ],
62 silly audit   '@types/estree': [ '0.0.52' ],
62 silly audit   '@types/etag': [ '1.8.1' ],
62 silly audit   '@types/express': [ '4.17.13' ],
62 silly audit   '@types/express-serve-static-core': [ '4.17.29' ],
62 silly audit   '@types/finalhandler': [ '1.1.1' ],
62 silly audit   '@types/forwarded': [ '0.1.0' ],
62 silly audit   '@types/fresh': [ '0.5.0' ],
62 silly audit   '@types/function-bind': [ '1.1.7' ],
62 silly audit   '@types/get-intrinsic': [ '1.0.0' ],
62 silly audit   '@types/has': [ '1.0.0' ],
62 silly audit   '@types/has-symbols': [ '1.0.0' ],
62 silly audit   '@types/hoist-non-react-statics': [ '3.3.1' ],
62 silly audit   '@types/http-errors': [ '1.8.2' ],
62 silly audit   '@types/inherits': [ '0.0.30' ],
62 silly audit   '@types/invariant': [ '2.2.35' ],
62 silly audit   '@types/lodash': [ '4.14.182' ],
62 silly audit   '@types/media-typer': [ '1.1.1' ],
62 silly audit   '@types/merge-descriptors': [ '1.0.1' ],
62 silly audit   '@types/methods': [ '1.1.1' ],
62 silly audit   '@types/mime': [ '2.0.3', '1.3.2' ],
62 silly audit   '@types/mime-db': [ '1.43.1' ],
62 silly audit   '@types/mime-types': [ '2.1.1' ],
62 silly audit   '@types/ms': [ '0.7.31' ],
62 silly audit   '@types/mysql': [ '2.15.21' ],
62 silly audit   '@types/negotiator': [ '0.6.1' ],
62 silly audit   '@types/node': [ '18.0.3' ],
62 silly audit   '@types/object-assign': [ '4.0.30' ],
62 silly audit   '@types/object-inspect': [ '1.8.1' ],
62 silly audit   '@types/on-finished': [ '2.3.1' ],
62 silly audit   '@types/parseurl': [ '1.3.1' ],
62 silly audit   '@types/prop-types': [ '15.7.5' ],
62 silly audit   '@types/proxy-addr': [ '2.0.0' ],
62 silly audit   '@types/qs': [ '6.9.7' ],
62 silly audit   '@types/range-parser': [ '1.2.4' ],
62 silly audit   '@types/react': [ '18.0.15' ],
62 silly audit   '@types/react-datepicker': [ '4.4.2' ],
62 silly audit   '@types/react-dom': [ '18.0.6' ],
62 silly audit   '@types/react-is': [ '17.0.3' ],
62 silly audit   '@types/react-native': [ '0.69.2' ],
62 silly audit   '@types/react-onclickoutside': [ '6.7.4' ],
62 silly audit   '@types/safer-buffer': [ '2.1.0' ],
62 silly audit   '@types/scheduler': [ '0.16.2' ],
62 silly audit   '@types/send': [ '0.17.1' ],
62 silly audit   '@types/serve-static': [ '1.13.10' ],
62 silly audit   '@types/shallowequal': [ '1.1.1' ],
62 silly audit   '@types/sqlstring': [ '2.3.0' ],
62 silly audit   '@types/statuses': [ '2.0.0' ],
62 silly audit   '@types/styled-components': [ '5.1.25' ],
62 silly audit   '@types/type-is': [ '1.6.3' ],
62 silly audit   '@types/uglify-js': [ '3.16.0' ],
62 silly audit   '@types/utils-merge': [ '0.0.28' ],
62 silly audit   '@types/vary': [ '1.1.0' ],
62 silly audit   csstype: [ '3.1.0' ],
62 silly audit   'date-fns': [ '2.28.0' ],
62 silly audit   'hoist-non-react-statics': [ '3.3.2' ],
62 silly audit   'js-tokens': [ '4.0.0' ],
62 silly audit   'loose-envify': [ '1.4.0' ],
62 silly audit   react: [ '18.2.0' ],
62 silly audit   'react-dom': [ '18.2.0' ],
62 silly audit   'react-fast-compare': [ '3.2.0' ],
62 silly audit   'react-is': [ '16.13.1' ],
62 silly audit   'react-popper': [ '2.3.0' ],
62 silly audit   scheduler: [ '0.23.0' ],
62 silly audit   'source-map': [ '0.6.1' ],
62 silly audit   'to-fast-properties': [ '2.0.0' ],
62 silly audit   'types-registry': [ '0.1.600' ],
62 silly audit   warning: [ '4.0.3' ],
62 silly audit   '@types/color': [ '3.0.3' ],
62 silly audit   '@types/color-convert': [ '2.0.0' ],
62 silly audit   '@types/color-name': [ '1.1.1' ]
62 silly audit }
63 silly tarball no local data for @types/color@https://registry.npmjs.org/@types/color/-/color-3.0.3.tgz. Extracting by manifest.
64 timing reifyNode:node_modules/@types/color-name Completed in 39ms
65 timing reifyNode:node_modules/@types/color-convert Completed in 39ms
66 http fetch POST 200 https://registry.npmjs.org/-/npm/v1/security/advisories/bulk 206ms
67 timing auditReport:getReport Completed in 213ms
68 silly audit report {}
69 timing auditReport:init Completed in 0ms
70 timing reify:audit Completed in 215ms
71 http fetch GET 200 https://registry.npmjs.org/@types/color/-/color-3.0.3.tgz 255ms (cache miss)
72 timing reifyNode:node_modules/@types/color Completed in 272ms
73 timing reify:unpack Completed in 273ms
74 timing reify:unretire Completed in 0ms
75 timing build:queue Completed in 0ms
76 timing build:deps Completed in 1ms
77 timing build Completed in 1ms
78 timing reify:build Completed in 1ms
79 timing reify:trash Completed in 0ms
80 timing reify:save Completed in 55ms
81 timing reify Completed in 1161ms
82 silly ADD node_modules/@types/color-name
83 silly ADD node_modules/@types/color-convert
84 silly ADD node_modules/@types/color
85 timing command:install Completed in 1168ms
86 verbose exit 0
87 timing npm Completed in 1344ms
88 info ok
