0 verbose cli /usr/local/bin/node /usr/local/bin/npm
1 info using npm@8.13.2
2 info using node@v16.16.0
3 timing npm:load:whichnode Completed in 0ms
4 timing config:load:defaults Completed in 5ms
5 timing config:load:file:/usr/local/lib/node_modules/npm/npmrc Completed in 0ms
6 timing config:load:builtin Completed in 2ms
7 timing config:load:cli Completed in 3ms
8 timing config:load:env Completed in 0ms
9 timing config:load:file:/root/.cache/typescript/4.7/.npmrc Completed in 0ms
10 timing config:load:project Completed in 12ms
11 timing config:load:file:/root/.npmrc Completed in 0ms
12 timing config:load:user Completed in 0ms
13 timing config:load:file:/usr/local/etc/npmrc Completed in 1ms
14 timing config:load:global Completed in 1ms
15 timing config:load:validate Completed in 0ms
16 timing config:load:credentials Completed in 2ms
17 timing config:load:setEnvs Completed in 2ms
18 timing config:load Completed in 31ms
19 timing npm:load:configload Completed in 31ms
20 timing npm:load:mkdirpcache Completed in 15ms
21 timing npm:load:mkdirplogs Completed in 0ms
22 verbose title npm install @types/bootstrap@ts4.7 @types/react@ts4.7 @types/react-datepicker@ts4.7 @types/react-dom@ts4.7 @types/styled-components@ts4.7 @types/babel__core@ts4.7 @types/hoist-non-react-statics@ts4.7 @types/lodash@ts4.7 @types/react-is@ts4.7 @types/shallowequal@ts4.7
23 verbose argv "install" "--ignore-scripts" "@types/bootstrap@ts4.7" "@types/react@ts4.7" "@types/react-datepicker@ts4.7" "@types/react-dom@ts4.7" "@types/styled-components@ts4.7" "@types/babel__core@ts4.7" "@types/hoist-non-react-statics@ts4.7" "@types/lodash@ts4.7" "@types/react-is@ts4.7" "@types/shallowequal@ts4.7" "--save-dev" "--user-agent" "typesInstaller/4.7.3"
24 timing npm:load:setTitle Completed in 3ms
25 timing config:load:flatten Completed in 4ms
26 timing npm:load:display Completed in 5ms
27 verbose logfile logs-max:10 dir:/root/.npm/_logs
28 verbose logfile /root/.npm/_logs/2022-07-11T12_57_39_485Z-debug-0.log
29 timing npm:load:logFile Completed in 11ms
30 timing npm:load:timers Completed in 0ms
31 timing npm:load:configScope Completed in 0ms
32 timing npm:load Completed in 67ms
33 timing arborist:ctor Completed in 1ms
34 silly logfile start cleaning logs, removing 1 files
35 silly logfile done cleaning log files
36 timing idealTree:init Completed in 86ms
37 timing arborist:ctor Completed in 0ms
38 http fetch GET 200 https://registry.npmjs.org/@types%2fbabel__core 166ms (cache revalidated)
39 http fetch GET 200 https://registry.npmjs.org/@types%2fhoist-non-react-statics 175ms (cache miss)
40 http fetch GET 200 https://registry.npmjs.org/@types%2fshallowequal 176ms (cache miss)
41 http fetch GET 200 https://registry.npmjs.org/@types%2flodash 177ms (cache revalidated)
42 http fetch GET 200 https://registry.npmjs.org/@types%2freact 182ms (cache revalidated)
43 http fetch GET 200 https://registry.npmjs.org/@types%2freact-is 183ms (cache miss)
44 http fetch GET 200 https://registry.npmjs.org/@types%2fbootstrap 194ms (cache miss)
45 http fetch GET 200 https://registry.npmjs.org/@types%2fstyled-components 193ms (cache miss)
46 http fetch GET 200 https://registry.npmjs.org/@types%2freact-dom 196ms (cache miss)
47 http fetch GET 200 https://registry.npmjs.org/@types%2freact-datepicker 959ms (cache miss)
48 timing idealTree:userRequests Completed in 981ms
49 silly idealTree buildDeps
50 silly fetch manifest @types/bootstrap@5.1.12
51 silly fetch manifest @types/react@18.0.15
52 silly fetch manifest @types/react-datepicker@4.4.2
53 silly fetch manifest @types/react-dom@18.0.6
54 silly fetch manifest @types/styled-components@5.1.25
55 silly fetch manifest @types/babel__core@7.1.19
56 silly fetch manifest @types/hoist-non-react-statics@3.3.1
57 silly fetch manifest @types/lodash@4.14.182
58 silly fetch manifest @types/react-is@17.0.3
59 silly fetch manifest @types/shallowequal@1.1.1
60 silly placeDep ROOT @types/babel__core@7.1.19 OK for:  want: 7.1.19
61 silly placeDep ROOT @types/bootstrap@5.1.12 OK for:  want: 5.1.12
62 silly placeDep ROOT @types/hoist-non-react-statics@3.3.1 OK for:  want: 3.3.1
63 silly placeDep ROOT @types/lodash@4.14.182 OK for:  want: 4.14.182
64 silly placeDep ROOT @types/react@18.0.15 REPLACE for:  want: 18.0.15
65 silly placeDep ROOT @types/react-datepicker@4.4.2 OK for:  want: 4.4.2
66 silly placeDep ROOT @types/react-dom@18.0.6 OK for:  want: 18.0.6
67 silly placeDep ROOT @types/react-is@17.0.3 OK for:  want: 17.0.3
68 silly placeDep ROOT @types/shallowequal@1.1.1 OK for:  want: 1.1.1
69 silly placeDep ROOT @types/styled-components@5.1.25 OK for:  want: 5.1.25
70 silly fetch manifest @babel/parser@^7.1.0
71 silly fetch manifest @babel/types@^7.0.0
72 silly fetch manifest @types/babel__generator@*
73 silly fetch manifest @types/babel__template@*
74 silly fetch manifest @types/babel__traverse@*
75 silly fetch manifest @popperjs/core@^2.9.2
76 silly fetch manifest hoist-non-react-statics@^3.3.0
77 silly fetch manifest date-fns@^2.0.1
78 silly fetch manifest react-popper@^2.2.5
79 http fetch GET 200 https://registry.npmjs.org/@babel%2ftypes 86ms (cache revalidated)
80 http fetch GET 200 https://registry.npmjs.org/@babel%2fparser 89ms (cache revalidated)
81 http fetch GET 200 https://registry.npmjs.org/react-popper 90ms (cache miss)
82 http fetch GET 200 https://registry.npmjs.org/@types%2fbabel__template 97ms (cache revalidated)
83 http fetch GET 200 https://registry.npmjs.org/hoist-non-react-statics 96ms (cache miss)
84 http fetch GET 200 https://registry.npmjs.org/@types%2fbabel__generator 100ms (cache revalidated)
85 http fetch GET 200 https://registry.npmjs.org/@types%2fbabel__traverse 100ms (cache revalidated)
86 http fetch GET 200 https://registry.npmjs.org/@popperjs%2fcore 100ms (cache miss)
87 http fetch GET 200 https://registry.npmjs.org/date-fns 104ms (cache miss)
88 timing idealTree:#root Completed in 155ms
89 silly placeDep ROOT @babel/parser@7.18.8 OK for: @types/babel__core@7.1.19 want: ^7.1.0
90 silly placeDep ROOT @babel/types@7.18.8 OK for: @types/babel__core@7.1.19 want: ^7.0.0
91 silly placeDep ROOT @types/babel__generator@7.6.4 OK for: @types/babel__core@7.1.19 want: *
92 silly placeDep ROOT @types/babel__template@7.4.1 OK for: @types/babel__core@7.1.19 want: *
93 silly placeDep ROOT @types/babel__traverse@7.17.1 OK for: @types/babel__core@7.1.19 want: *
94 silly fetch manifest @babel/helper-validator-identifier@^7.18.6
95 silly fetch manifest to-fast-properties@^2.0.0
96 http fetch GET 200 https://registry.npmjs.org/to-fast-properties 40ms (cache revalidated)
97 http fetch GET 200 https://registry.npmjs.org/@babel%2fhelper-validator-identifier 42ms (cache revalidated)
98 timing idealTree:node_modules/@types/babel__core Completed in 51ms
99 timing idealTree:node_modules/@babel/parser Completed in 0ms
100 silly placeDep ROOT @babel/helper-validator-identifier@7.18.6 OK for: @babel/types@7.18.8 want: ^7.18.6
101 silly placeDep ROOT to-fast-properties@2.0.0 OK for: @babel/types@7.18.8 want: ^2.0.0
102 timing idealTree:node_modules/@babel/types Completed in 4ms
103 timing idealTree:node_modules/@babel/helper-validator-identifier Completed in 1ms
104 timing idealTree:node_modules/@types/babel__generator Completed in 0ms
105 timing idealTree:node_modules/@types/babel__template Completed in 0ms
106 timing idealTree:node_modules/@types/babel__traverse Completed in 0ms
107 silly placeDep ROOT @popperjs/core@2.11.5 OK for: @types/bootstrap@5.1.12 want: ^2.9.2
108 timing idealTree:node_modules/@types/bootstrap Completed in 2ms
109 timing idealTree:node_modules/@popperjs/core Completed in 1ms
110 silly placeDep ROOT hoist-non-react-statics@3.3.2 OK for: @types/hoist-non-react-statics@3.3.1 want: ^3.3.0
111 silly fetch manifest react-is@^16.7.0
112 http fetch GET 200 https://registry.npmjs.org/react-is 41ms (cache miss)
113 timing idealTree:node_modules/@types/hoist-non-react-statics Completed in 71ms
114 timing idealTree:node_modules/@types/lodash Completed in 0ms
115 timing idealTree:node_modules/@types/react Completed in 0ms
116 silly fetch manifest react@^16.8.0 || ^17 || ^18
117 http fetch GET 200 https://registry.npmjs.org/react 63ms (cache miss)
118 silly fetch manifest react-dom@^16.8.0 || ^17 || ^18
119 http fetch GET 200 https://registry.npmjs.org/react-dom 51ms (cache miss)
120 silly placeDep ROOT date-fns@2.28.0 OK for: @types/react-datepicker@4.4.2 want: ^2.0.1
121 silly placeDep ROOT react-popper@2.3.0 OK for: @types/react-datepicker@4.4.2 want: ^2.2.5
122 silly placeDep ROOT react@18.2.0 OK for: react-popper@2.3.0 want: ^16.8.0 || ^17 || ^18
123 silly placeDep ROOT react-dom@18.2.0 OK for: react-popper@2.3.0 want: ^16.8.0 || ^17 || ^18
124 silly fetch manifest react-fast-compare@^3.0.1
125 silly fetch manifest warning@^4.0.2
126 silly fetch manifest loose-envify@^1.1.0
127 silly fetch manifest scheduler@^0.23.0
128 http fetch GET 200 https://registry.npmjs.org/react-fast-compare 30ms (cache miss)
129 http fetch GET 200 https://registry.npmjs.org/warning 34ms (cache miss)
130 http fetch GET 200 https://registry.npmjs.org/loose-envify 34ms (cache miss)
131 http fetch GET 200 https://registry.npmjs.org/scheduler 85ms (cache miss)
132 timing idealTree:node_modules/@types/react-datepicker Completed in 247ms
133 timing idealTree:node_modules/@types/react-dom Completed in 0ms
134 timing idealTree:node_modules/@types/react-is Completed in 0ms
135 timing idealTree:node_modules/@types/shallowequal Completed in 0ms
136 timing idealTree:node_modules/@types/styled-components Completed in 0ms
137 timing idealTree:node_modules/date-fns Completed in 0ms
138 silly placeDep ROOT react-is@16.13.1 OK for: hoist-non-react-statics@3.3.2 want: ^16.7.0
139 timing idealTree:node_modules/hoist-non-react-statics Completed in 11ms
140 silly placeDep ROOT loose-envify@1.4.0 OK for: react@18.2.0 want: ^1.1.0
141 silly fetch manifest js-tokens@^3.0.0 || ^4.0.0
142 http fetch GET 200 https://registry.npmjs.org/js-tokens 36ms (cache revalidated)
143 timing idealTree:node_modules/react Completed in 42ms
144 silly placeDep ROOT js-tokens@4.0.0 OK for: loose-envify@1.4.0 want: ^3.0.0 || ^4.0.0
145 timing idealTree:node_modules/loose-envify Completed in 2ms
146 timing idealTree:node_modules/js-tokens Completed in 0ms
147 silly placeDep ROOT scheduler@0.23.0 OK for: react-dom@18.2.0 want: ^0.23.0
148 timing idealTree:node_modules/react-dom Completed in 2ms
149 timing idealTree:node_modules/react-is Completed in 0ms
150 silly placeDep ROOT react-fast-compare@3.2.0 OK for: react-popper@2.3.0 want: ^3.0.1
151 silly placeDep ROOT warning@4.0.3 OK for: react-popper@2.3.0 want: ^4.0.2
152 timing idealTree:node_modules/react-popper Completed in 3ms
153 timing idealTree:node_modules/react-fast-compare Completed in 0ms
154 timing idealTree:node_modules/scheduler Completed in 0ms
155 timing idealTree:node_modules/to-fast-properties Completed in 0ms
156 timing idealTree:node_modules/warning Completed in 0ms
157 timing idealTree:buildDeps Completed in 596ms
158 timing idealTree:fixDepFlags Completed in 2ms
159 timing idealTree Completed in 1668ms
160 timing reify:loadTrees Completed in 1669ms
161 timing reify:diffTrees Completed in 6ms
162 silly reify moves {}
163 timing reify:retireShallow Completed in 2ms
164 timing reify:createSparse Completed in 18ms
165 timing reify:loadBundles Completed in 0ms
166 silly audit bulk request {
166 silly audit   '@types/accepts': [ '1.3.5' ],
166 silly audit   '@types/babel-generator': [ '6.25.5' ],
166 silly audit   '@types/babel-template': [ '6.25.2' ],
166 silly audit   '@types/babel-traverse': [ '6.25.7' ],
166 silly audit   '@types/babel-types': [ '7.0.11' ],
166 silly audit   '@types/babylon': [ '6.16.6' ],
166 silly audit   '@types/body-parser': [ '1.19.2' ],
166 silly audit   '@types/bytes': [ '3.1.1' ],
166 silly audit   '@types/call-bind': [ '1.0.1' ],
166 silly audit   '@types/connect': [ '3.4.35' ],
166 silly audit   '@types/content-disposition': [ '0.5.5' ],
166 silly audit   '@types/content-type': [ '1.1.5' ],
166 silly audit   '@types/cookie': [ '0.5.1' ],
166 silly audit   '@types/cookie-signature': [ '1.0.4' ],
166 silly audit   '@types/cors': [ '2.8.12' ],
166 silly audit   '@types/debug': [ '4.1.7' ],
166 silly audit   '@types/depd': [ '1.1.32' ],
166 silly audit   '@types/destroy': [ '1.0.0' ],
166 silly audit   '@types/ee-first': [ '1.1.0' ],
166 silly audit   '@types/encodeurl': [ '1.0.0' ],
166 silly audit   '@types/escape-html': [ '1.0.2' ],
166 silly audit   '@types/estree': [ '0.0.52' ],
166 silly audit   '@types/etag': [ '1.8.1' ],
166 silly audit   '@types/express': [ '4.17.13' ],
166 silly audit   '@types/express-serve-static-core': [ '4.17.29' ],
166 silly audit   '@types/finalhandler': [ '1.1.1' ],
166 silly audit   '@types/forwarded': [ '0.1.0' ],
166 silly audit   '@types/fresh': [ '0.5.0' ],
166 silly audit   '@types/function-bind': [ '1.1.7' ],
166 silly audit   '@types/get-intrinsic': [ '1.0.0' ],
166 silly audit   '@types/has': [ '1.0.0' ],
166 silly audit   '@types/has-symbols': [ '1.0.0' ],
166 silly audit   '@types/http-errors': [ '1.8.2' ],
166 silly audit   '@types/inherits': [ '0.0.30' ],
166 silly audit   '@types/invariant': [ '2.2.35' ],
166 silly audit   '@types/media-typer': [ '1.1.1' ],
166 silly audit   '@types/merge-descriptors': [ '1.0.1' ],
166 silly audit   '@types/methods': [ '1.1.1' ],
166 silly audit   '@types/mime': [ '2.0.3', '1.3.2' ],
166 silly audit   '@types/mime-db': [ '1.43.1' ],
166 silly audit   '@types/mime-types': [ '2.1.1' ],
166 silly audit   '@types/ms': [ '0.7.31' ],
166 silly audit   '@types/mysql': [ '2.15.21' ],
166 silly audit   '@types/negotiator': [ '0.6.1' ],
166 silly audit   '@types/node': [ '18.0.3' ],
166 silly audit   '@types/object-assign': [ '4.0.30' ],
166 silly audit   '@types/object-inspect': [ '1.8.1' ],
166 silly audit   '@types/on-finished': [ '2.3.1' ],
166 silly audit   '@types/parseurl': [ '1.3.1' ],
166 silly audit   '@types/prop-types': [ '15.7.5' ],
166 silly audit   '@types/proxy-addr': [ '2.0.0' ],
166 silly audit   '@types/qs': [ '6.9.7' ],
166 silly audit   '@types/range-parser': [ '1.2.4' ],
166 silly audit   '@types/react-native': [ '0.69.2' ],
166 silly audit   '@types/react-onclickoutside': [ '6.7.4' ],
166 silly audit   '@types/safer-buffer': [ '2.1.0' ],
166 silly audit   '@types/scheduler': [ '0.16.2' ],
166 silly audit   '@types/send': [ '0.17.1' ],
166 silly audit   '@types/serve-static': [ '1.13.10' ],
166 silly audit   '@types/sqlstring': [ '2.3.0' ],
166 silly audit   '@types/statuses': [ '2.0.0' ],
166 silly audit   '@types/type-is': [ '1.6.3' ],
166 silly audit   '@types/uglify-js': [ '3.16.0' ],
166 silly audit   '@types/utils-merge': [ '0.0.28' ],
166 silly audit   '@types/vary': [ '1.1.0' ],
166 silly audit   csstype: [ '3.1.0' ],
166 silly audit   'source-map': [ '0.6.1' ],
166 silly audit   'types-registry': [ '0.1.600' ],
166 silly audit   '@types/babel__core': [ '7.1.19' ],
166 silly audit   '@types/bootstrap': [ '5.1.12' ],
166 silly audit   '@types/hoist-non-react-statics': [ '3.3.1' ],
166 silly audit   '@types/lodash': [ '4.14.182' ],
166 silly audit   '@types/react': [ '18.0.15' ],
166 silly audit   '@types/react-datepicker': [ '4.4.2' ],
166 silly audit   '@types/react-dom': [ '18.0.6' ],
166 silly audit   '@types/react-is': [ '17.0.3' ],
166 silly audit   '@types/shallowequal': [ '1.1.1' ],
166 silly audit   '@types/styled-components': [ '5.1.25' ],
166 silly audit   '@babel/parser': [ '7.18.8' ],
166 silly audit   '@babel/types': [ '7.18.8' ],
166 silly audit   '@types/babel__generator': [ '7.6.4' ],
166 silly audit   '@types/babel__template': [ '7.4.1' ],
166 silly audit   '@types/babel__traverse': [ '7.17.1' ],
166 silly audit   '@babel/helper-validator-identifier': [ '7.18.6' ],
166 silly audit   'to-fast-properties': [ '2.0.0' ],
166 silly audit   '@popperjs/core': [ '2.11.5' ],
166 silly audit   'hoist-non-react-statics': [ '3.3.2' ],
166 silly audit   'date-fns': [ '2.28.0' ],
166 silly audit   'react-popper': [ '2.3.0' ],
166 silly audit   react: [ '18.2.0' ],
166 silly audit   'react-dom': [ '18.2.0' ],
166 silly audit   'react-is': [ '16.13.1' ],
166 silly audit   'loose-envify': [ '1.4.0' ],
166 silly audit   'js-tokens': [ '4.0.0' ],
166 silly audit   scheduler: [ '0.23.0' ],
166 silly audit   'react-fast-compare': [ '3.2.0' ],
166 silly audit   warning: [ '4.0.3' ]
166 silly audit }
167 silly tarball no local data for warning@https://registry.npmjs.org/warning/-/warning-4.0.3.tgz. Extracting by manifest.
168 silly tarball no local data for react-fast-compare@https://registry.npmjs.org/react-fast-compare/-/react-fast-compare-3.2.0.tgz. Extracting by manifest.
169 silly tarball no local data for scheduler@https://registry.npmjs.org/scheduler/-/scheduler-0.23.0.tgz. Extracting by manifest.
170 silly tarball no local data for loose-envify@https://registry.npmjs.org/loose-envify/-/loose-envify-1.4.0.tgz. Extracting by manifest.
171 silly tarball no local data for react-dom@https://registry.npmjs.org/react-dom/-/react-dom-18.2.0.tgz. Extracting by manifest.
172 silly tarball no local data for react-is@https://registry.npmjs.org/react-is/-/react-is-16.13.1.tgz. Extracting by manifest.
173 silly tarball no local data for react@https://registry.npmjs.org/react/-/react-18.2.0.tgz. Extracting by manifest.
174 silly tarball no local data for react-popper@https://registry.npmjs.org/react-popper/-/react-popper-2.3.0.tgz. Extracting by manifest.
175 silly tarball no local data for date-fns@https://registry.npmjs.org/date-fns/-/date-fns-2.28.0.tgz. Extracting by manifest.
176 silly tarball no local data for hoist-non-react-statics@https://registry.npmjs.org/hoist-non-react-statics/-/hoist-non-react-statics-3.3.2.tgz. Extracting by manifest.
177 silly tarball no local data for @popperjs/core@https://registry.npmjs.org/@popperjs/core/-/core-2.11.5.tgz. Extracting by manifest.
178 silly tarball no local data for @types/styled-components@https://registry.npmjs.org/@types/styled-components/-/styled-components-5.1.25.tgz. Extracting by manifest.
179 silly tarball no local data for @types/shallowequal@https://registry.npmjs.org/@types/shallowequal/-/shallowequal-1.1.1.tgz. Extracting by manifest.
180 silly tarball no local data for @types/react-is@https://registry.npmjs.org/@types/react-is/-/react-is-17.0.3.tgz. Extracting by manifest.
181 silly tarball no local data for @types/react-dom@https://registry.npmjs.org/@types/react-dom/-/react-dom-18.0.6.tgz. Extracting by manifest.
182 silly tarball no local data for @types/react-datepicker@https://registry.npmjs.org/@types/react-datepicker/-/react-datepicker-4.4.2.tgz. Extracting by manifest.
183 silly tarball no local data for @types/hoist-non-react-statics@https://registry.npmjs.org/@types/hoist-non-react-statics/-/hoist-non-react-statics-3.3.1.tgz. Extracting by manifest.
184 silly tarball no local data for @types/bootstrap@https://registry.npmjs.org/@types/bootstrap/-/bootstrap-5.1.12.tgz. Extracting by manifest.
185 http fetch POST 200 https://registry.npmjs.org/-/npm/v1/security/advisories/bulk 297ms
186 timing auditReport:getReport Completed in 303ms
187 silly audit report {}
188 timing auditReport:init Completed in 0ms
189 timing reify:audit Completed in 304ms
190 timing reifyNode:node_modules/@types/babel__generator Completed in 340ms
191 timing reifyNode:node_modules/@types/babel__template Completed in 340ms
192 timing reifyNode:node_modules/to-fast-properties Completed in 341ms
193 timing reifyNode:node_modules/js-tokens Completed in 350ms
194 timing reifyNode:node_modules/@types/babel__core Completed in 352ms
195 timing reifyNode:node_modules/@babel/helper-validator-identifier Completed in 359ms
196 http fetch GET 200 https://registry.npmjs.org/warning/-/warning-4.0.3.tgz 345ms (cache miss)
197 timing reifyNode:node_modules/warning Completed in 374ms
198 http fetch GET 200 https://registry.npmjs.org/react-is/-/react-is-16.13.1.tgz 336ms (cache miss)
199 timing reifyNode:node_modules/react-is Completed in 374ms
200 timing reifyNode:node_modules/@types/babel__traverse Completed in 377ms
201 http fetch GET 200 https://registry.npmjs.org/@types/react-dom/-/react-dom-18.0.6.tgz 319ms (cache miss)
202 timing reifyNode:node_modules/@types/react-dom Completed in 380ms
203 http fetch GET 200 https://registry.npmjs.org/@types/hoist-non-react-statics/-/hoist-non-react-statics-3.3.1.tgz 318ms (cache miss)
204 timing reifyNode:node_modules/@types/hoist-non-react-statics Completed in 380ms
205 http fetch GET 200 https://registry.npmjs.org/loose-envify/-/loose-envify-1.4.0.tgz 349ms (cache miss)
206 timing reifyNode:node_modules/loose-envify Completed in 383ms
207 http fetch GET 200 https://registry.npmjs.org/react-fast-compare/-/react-fast-compare-3.2.0.tgz 357ms (cache miss)
208 timing reifyNode:node_modules/react-fast-compare Completed in 388ms
209 http fetch GET 200 https://registry.npmjs.org/@types/styled-components/-/styled-components-5.1.25.tgz 349ms (cache miss)
210 timing reifyNode:node_modules/@types/styled-components Completed in 395ms
211 http fetch GET 200 https://registry.npmjs.org/hoist-non-react-statics/-/hoist-non-react-statics-3.3.2.tgz 361ms (cache miss)
212 timing reifyNode:node_modules/hoist-non-react-statics Completed in 404ms
213 http fetch GET 200 https://registry.npmjs.org/scheduler/-/scheduler-0.23.0.tgz 374ms (cache miss)
214 timing reifyNode:node_modules/scheduler Completed in 411ms
215 http fetch GET 200 https://registry.npmjs.org/@types/react-datepicker/-/react-datepicker-4.4.2.tgz 362ms (cache miss)
216 timing reifyNode:node_modules/@types/react-datepicker Completed in 423ms
217 http fetch GET 200 https://registry.npmjs.org/react-popper/-/react-popper-2.3.0.tgz 405ms (cache miss)
218 timing reifyNode:node_modules/react-popper Completed in 448ms
219 http fetch GET 200 https://registry.npmjs.org/@types/bootstrap/-/bootstrap-5.1.12.tgz 390ms (cache miss)
220 timing reifyNode:node_modules/@types/bootstrap Completed in 453ms
221 http fetch GET 200 https://registry.npmjs.org/react/-/react-18.2.0.tgz 416ms (cache miss)
222 timing reifyNode:node_modules/react Completed in 455ms
223 timing reifyNode:node_modules/@babel/parser Completed in 515ms
224 http fetch GET 200 https://registry.npmjs.org/@types/react-is/-/react-is-17.0.3.tgz 496ms (cache miss)
225 timing reifyNode:node_modules/@types/react-is Completed in 554ms
226 timing reifyNode:node_modules/@babel/types Completed in 636ms
227 http fetch GET 200 https://registry.npmjs.org/react-dom/-/react-dom-18.2.0.tgz 689ms (cache miss)
228 timing reifyNode:node_modules/react-dom Completed in 726ms
229 http fetch GET 200 https://registry.npmjs.org/@popperjs/core/-/core-2.11.5.tgz 846ms (cache miss)
230 timing reifyNode:node_modules/@popperjs/core Completed in 892ms
231 timing reifyNode:node_modules/@types/lodash Completed in 934ms
232 http fetch GET 200 https://registry.npmjs.org/@types/shallowequal/-/shallowequal-1.1.1.tgz 903ms (cache miss)
233 timing reifyNode:node_modules/@types/shallowequal Completed in 960ms
234 http fetch GET 200 https://registry.npmjs.org/date-fns/-/date-fns-2.28.0.tgz 8120ms (cache miss)
235 timing reifyNode:node_modules/date-fns Completed in 8163ms
236 timing reify:unpack Completed in 8164ms
237 timing reify:unretire Completed in 1ms
238 timing build:queue Completed in 1ms
239 timing build:link:node_modules/@babel/parser Completed in 3ms
240 timing build:link:node_modules/loose-envify Completed in 2ms
241 timing build:link Completed in 3ms
242 timing build:deps Completed in 5ms
243 timing build Completed in 5ms
244 timing reify:build Completed in 5ms
245 timing reify:trash Completed in 0ms
246 timing reify:save Completed in 39ms
247 timing reify Completed in 9935ms
248 silly ADD node_modules/warning
249 silly ADD node_modules/react-fast-compare
250 silly ADD node_modules/scheduler
251 silly ADD node_modules/js-tokens
252 silly ADD node_modules/loose-envify
253 silly ADD node_modules/react-is
254 silly ADD node_modules/react-dom
255 silly ADD node_modules/react
256 silly ADD node_modules/react-popper
257 silly ADD node_modules/date-fns
258 silly ADD node_modules/hoist-non-react-statics
259 silly ADD node_modules/@popperjs/core
260 silly ADD node_modules/to-fast-properties
261 silly ADD node_modules/@babel/helper-validator-identifier
262 silly ADD node_modules/@types/babel__traverse
263 silly ADD node_modules/@types/babel__template
264 silly ADD node_modules/@types/babel__generator
265 silly ADD node_modules/@babel/types
266 silly ADD node_modules/@babel/parser
267 silly ADD node_modules/@types/styled-components
268 silly ADD node_modules/@types/shallowequal
269 silly ADD node_modules/@types/react-is
270 silly ADD node_modules/@types/react-dom
271 silly ADD node_modules/@types/react-datepicker
272 silly ADD node_modules/@types/lodash
273 silly ADD node_modules/@types/hoist-non-react-statics
274 silly ADD node_modules/@types/bootstrap
275 silly ADD node_modules/@types/babel__core
276 timing command:install Completed in 9949ms
277 verbose exit 0
278 timing npm Completed in 10095ms
279 info ok
