0 verbose cli /usr/local/bin/node /usr/local/bin/npm
1 info using npm@8.13.2
2 info using node@v16.16.0
3 timing npm:load:whichnode Completed in 0ms
4 timing config:load:defaults Completed in 2ms
5 timing config:load:file:/usr/local/lib/node_modules/npm/npmrc Completed in 19ms
6 timing config:load:builtin Completed in 19ms
7 timing config:load:cli Completed in 2ms
8 timing config:load:env Completed in 0ms
9 timing config:load:file:/root/.cache/typescript/4.7/.npmrc Completed in 0ms
10 timing config:load:project Completed in 8ms
11 timing config:load:file:/root/.npmrc Completed in 0ms
12 timing config:load:user Completed in 0ms
13 timing config:load:file:/usr/local/etc/npmrc Completed in 0ms
14 timing config:load:global Completed in 1ms
15 timing config:load:validate Completed in 0ms
16 timing config:load:credentials Completed in 1ms
17 timing config:load:setEnvs Completed in 1ms
18 timing config:load Completed in 35ms
19 timing npm:load:configload Completed in 35ms
20 timing npm:load:mkdirpcache Completed in 1ms
21 timing npm:load:mkdirplogs Completed in 10ms
22 verbose title npm install types-registry@latest
23 verbose argv "install" "--ignore-scripts" "types-registry@latest"
24 timing npm:load:setTitle Completed in 1ms
25 timing config:load:flatten Completed in 3ms
26 timing npm:load:display Completed in 4ms
27 verbose logfile logs-max:10 dir:/root/.npm/_logs
28 verbose logfile /root/.npm/_logs/2022-07-11T12_54_25_547Z-debug-0.log
29 timing npm:load:logFile Completed in 15ms
30 timing npm:load:timers Completed in 0ms
31 timing npm:load:configScope Completed in 0ms
32 timing npm:load Completed in 69ms
33 timing arborist:ctor Completed in 0ms
34 silly logfile start cleaning logs, removing 9 files
35 timing idealTree:init Completed in 113ms
36 silly logfile done cleaning log files
37 timing arborist:ctor Completed in 0ms
38 http fetch GET 200 https://registry.npmjs.org/types-registry 193ms (cache miss)
39 timing idealTree:userRequests Completed in 209ms
40 silly idealTree buildDeps
41 silly fetch manifest types-registry@0.1.600
42 silly placeDep ROOT types-registry@0.1.600 OK for:  want: 0.1.600
43 timing idealTree:#root Completed in 5ms
44 timing idealTree:node_modules/types-registry Completed in 0ms
45 timing idealTree:buildDeps Completed in 7ms
46 timing idealTree:fixDepFlags Completed in 8ms
47 timing idealTree Completed in 342ms
48 timing reify:loadTrees Completed in 343ms
49 timing reify:diffTrees Completed in 3ms
50 silly reify moves {}
51 timing reify:retireShallow Completed in 1ms
52 timing reify:createSparse Completed in 2ms
53 timing reify:loadBundles Completed in 0ms
54 silly audit bulk request {
54 silly audit   '@types/accepts': [ '1.3.5' ],
54 silly audit   '@types/babel-generator': [ '6.25.5' ],
54 silly audit   '@types/babel-template': [ '6.25.2' ],
54 silly audit   '@types/babel-traverse': [ '6.25.7' ],
54 silly audit   '@types/babel-types': [ '7.0.11' ],
54 silly audit   '@types/babylon': [ '6.16.6' ],
54 silly audit   '@types/body-parser': [ '1.19.2' ],
54 silly audit   '@types/bytes': [ '3.1.1' ],
54 silly audit   '@types/call-bind': [ '1.0.1' ],
54 silly audit   '@types/connect': [ '3.4.35' ],
54 silly audit   '@types/content-disposition': [ '0.5.5' ],
54 silly audit   '@types/content-type': [ '1.1.5' ],
54 silly audit   '@types/cookie': [ '0.5.1' ],
54 silly audit   '@types/cookie-signature': [ '1.0.4' ],
54 silly audit   '@types/debug': [ '4.1.7' ],
54 silly audit   '@types/depd': [ '1.1.32' ],
54 silly audit   '@types/destroy': [ '1.0.0' ],
54 silly audit   '@types/ee-first': [ '1.1.0' ],
54 silly audit   '@types/encodeurl': [ '1.0.0' ],
54 silly audit   '@types/escape-html': [ '1.0.2' ],
54 silly audit   '@types/estree': [ '0.0.52' ],
54 silly audit   '@types/etag': [ '1.8.1' ],
54 silly audit   '@types/express-serve-static-core': [ '4.17.29' ],
54 silly audit   '@types/finalhandler': [ '1.1.1' ],
54 silly audit   '@types/forwarded': [ '0.1.0' ],
54 silly audit   '@types/fresh': [ '0.5.0' ],
54 silly audit   '@types/function-bind': [ '1.1.7' ],
54 silly audit   '@types/get-intrinsic': [ '1.0.0' ],
54 silly audit   '@types/has': [ '1.0.0' ],
54 silly audit   '@types/has-symbols': [ '1.0.0' ],
54 silly audit   '@types/http-errors': [ '1.8.2' ],
54 silly audit   '@types/inherits': [ '0.0.30' ],
54 silly audit   '@types/media-typer': [ '1.1.1' ],
54 silly audit   '@types/merge-descriptors': [ '1.0.1' ],
54 silly audit   '@types/methods': [ '1.1.1' ],
54 silly audit   '@types/mime': [ '2.0.3', '1.3.2' ],
54 silly audit   '@types/mime-db': [ '1.43.1' ],
54 silly audit   '@types/mime-types': [ '2.1.1' ],
54 silly audit   '@types/ms': [ '0.7.31' ],
54 silly audit   '@types/negotiator': [ '0.6.1' ],
54 silly audit   '@types/node': [ '18.0.3' ],
54 silly audit   '@types/object-inspect': [ '1.8.1' ],
54 silly audit   '@types/on-finished': [ '2.3.1' ],
54 silly audit   '@types/parseurl': [ '1.3.1' ],
54 silly audit   '@types/prop-types': [ '15.7.5' ],
54 silly audit   '@types/proxy-addr': [ '2.0.0' ],
54 silly audit   '@types/qs': [ '6.9.7' ],
54 silly audit   '@types/range-parser': [ '1.2.4' ],
54 silly audit   '@types/react': [ '18.0.15' ],
54 silly audit   '@types/react-onclickoutside': [ '6.7.4' ],
54 silly audit   '@types/safer-buffer': [ '2.1.0' ],
54 silly audit   '@types/scheduler': [ '0.16.2' ],
54 silly audit   '@types/send': [ '0.17.1' ],
54 silly audit   '@types/serve-static': [ '1.13.10' ],
54 silly audit   '@types/statuses': [ '2.0.0' ],
54 silly audit   '@types/type-is': [ '1.6.3' ],
54 silly audit   '@types/uglify-js': [ '3.16.0' ],
54 silly audit   '@types/utils-merge': [ '0.0.28' ],
54 silly audit   '@types/vary': [ '1.1.0' ],
54 silly audit   csstype: [ '3.1.0' ],
54 silly audit   'source-map': [ '0.6.1' ],
54 silly audit   'types-registry': [ '0.1.600' ]
54 silly audit }
55 silly tarball no local data for types-registry@https://registry.npmjs.org/types-registry/-/types-registry-0.1.600.tgz. Extracting by manifest.
56 http fetch GET 200 https://registry.npmjs.org/types-registry/-/types-registry-0.1.600.tgz 141ms (cache miss)
57 timing reifyNode:node_modules/types-registry Completed in 149ms
58 timing reify:unpack Completed in 150ms
59 timing reify:unretire Completed in 0ms
60 timing build:queue Completed in 1ms
61 timing build:deps Completed in 1ms
62 timing build Completed in 1ms
63 timing reify:build Completed in 1ms
64 timing reify:trash Completed in 0ms
65 timing reify:save Completed in 41ms
66 http fetch POST 200 https://registry.npmjs.org/-/npm/v1/security/advisories/bulk 228ms
67 timing auditReport:getReport Completed in 232ms
68 silly audit report {}
69 timing auditReport:init Completed in 0ms
70 timing reify:audit Completed in 233ms
71 timing reify Completed in 592ms
72 silly ADD node_modules/types-registry
73 timing command:install Completed in 598ms
74 verbose exit 0
75 timing npm Completed in 765ms
76 info ok
