[2022-07-11T12:54:24.850Z] Log level: Info
[2022-07-11T12:54:24.854Z] [info] Validating found git in: git
[2022-07-11T12:54:24.926Z] [info] Using git 2.17.1 from git
[2022-07-11T12:54:25.002Z] > git rev-parse --show-toplevel [55ms]
[2022-07-11T12:54:25.022Z] > git rev-parse --git-dir --git-common-dir [3ms]
[2022-07-11T12:54:25.029Z] [info] Open repository: /root
[2022-07-11T12:54:25.658Z] > git log --format=%H%n%aN%n%aE%n%at%n%ct%n%P%n%D%n%B -z -n21 -- /root/backend/index.js [1ms]
[2022-07-11T12:54:25.959Z] > git check-ignore -v -z --stdin [17ms]
[2022-07-11T12:54:26.090Z] > git status -z -uall [1044ms]
[2022-07-11T12:54:26.097Z] > git symbolic-ref --short HEAD [2ms]
[2022-07-11T12:54:26.109Z] > git for-each-ref --format=%(refname)%00%(upstream:short)%00%(objectname)%00%(upstream:track)%00%(upstream:remotename)%00%(upstream:remoteref) refs/heads/master refs/remotes/master [8ms]
[2022-07-11T12:54:26.134Z] > git remote --verbose [2ms]
[2022-07-11T12:54:26.135Z] > git for-each-ref --sort -committerdate --format %(refname) %(objectname) %(*objectname) [9ms]
[2022-07-11T12:54:27.608Z] > git config --get commit.template [20ms]
[2022-07-11T12:54:28.119Z] > git rev-list --count 3d011fb4ec5b8fce4dbc5a429ffb3e2c0b5d6d2d.. -- /root/backend/index.js [10ms]
[2022-07-11T12:54:28.133Z] > git log --format=%H%n%aN%n%aE%n%at%n%ct%n%P%n%D%n%B -z -n3 -- /root/backend/index.js [6ms]
[2022-07-11T12:54:28.276Z] > git status -z -uall [658ms]
[2022-07-11T12:54:28.288Z] > git symbolic-ref --short HEAD [1ms]
[2022-07-11T12:54:28.298Z] > git for-each-ref --format=%(refname)%00%(upstream:short)%00%(objectname)%00%(upstream:track)%00%(upstream:remotename)%00%(upstream:remoteref) refs/heads/master refs/remotes/master [3ms]
[2022-07-11T12:54:28.312Z] > git for-each-ref --sort -committerdate --format %(refname) %(objectname) %(*objectname) [7ms]
[2022-07-11T12:54:28.314Z] > git remote --verbose [4ms]
[2022-07-11T12:54:28.417Z] > git config --get commit.template [2ms]
[2022-07-11T12:54:31.919Z] > git rev-list --count 3d011fb4ec5b8fce4dbc5a429ffb3e2c0b5d6d2d.. -- /root/backend/index.js [3ms]
[2022-07-11T12:54:31.934Z] > git log --format=%H%n%aN%n%aE%n%at%n%ct%n%P%n%D%n%B -z -n3 -- /root/backend/index.js [3ms]
[2022-07-11T12:54:32.020Z] > git show --textconv :backend/index.js [14ms]
[2022-07-11T12:54:32.025Z] > git ls-files --stage -- /root/backend/index.js [9ms]
[2022-07-11T12:54:32.034Z] > git cat-file -s 57fb43ef17a3d2b94e26c58f3db4c4ce55866a16 [1ms]
[2022-07-11T12:54:34.746Z] > git status -z -uall [636ms]
[2022-07-11T12:54:34.759Z] > git symbolic-ref --short HEAD [2ms]
[2022-07-11T12:54:34.771Z] > git for-each-ref --format=%(refname)%00%(upstream:short)%00%(objectname)%00%(upstream:track)%00%(upstream:remotename)%00%(upstream:remoteref) refs/heads/master refs/remotes/master [3ms]
[2022-07-11T12:54:34.795Z] > git for-each-ref --sort -committerdate --format %(refname) %(objectname) %(*objectname) [16ms]
[2022-07-11T12:54:34.797Z] > git remote --verbose [4ms]
[2022-07-11T12:54:34.895Z] > git config --get commit.template [7ms]
[2022-07-11T12:54:37.176Z] > git rev-list --count 3d011fb4ec5b8fce4dbc5a429ffb3e2c0b5d6d2d.. -- /root/backend/index.js [4ms]
[2022-07-11T12:54:37.187Z] > git log --format=%H%n%aN%n%aE%n%at%n%ct%n%P%n%D%n%B -z -n3 -- /root/backend/index.js [4ms]
[2022-07-11T12:54:37.300Z] > git check-ignore -v -z --stdin [34ms]
[2022-07-11T12:54:38.826Z] > git check-ignore -v -z --stdin [14ms]
[2022-07-11T12:54:40.561Z] > git status -z -uall [652ms]
[2022-07-11T12:54:40.573Z] > git symbolic-ref --short HEAD [1ms]
[2022-07-11T12:54:40.585Z] > git for-each-ref --format=%(refname)%00%(upstream:short)%00%(objectname)%00%(upstream:track)%00%(upstream:remotename)%00%(upstream:remoteref) refs/heads/master refs/remotes/master [2ms]
[2022-07-11T12:54:40.608Z] > git for-each-ref --sort -committerdate --format %(refname) %(objectname) %(*objectname) [14ms]
[2022-07-11T12:54:40.610Z] > git remote --verbose [4ms]
[2022-07-11T12:54:40.694Z] > git config --get commit.template [1ms]
[2022-07-11T12:54:43.037Z] > git rev-list --count 3d011fb4ec5b8fce4dbc5a429ffb3e2c0b5d6d2d.. -- /root/backend/index.js [2ms]
[2022-07-11T12:54:43.050Z] > git log --format=%H%n%aN%n%aE%n%at%n%ct%n%P%n%D%n%B -z -n3 -- /root/backend/index.js [3ms]
[2022-07-11T12:54:51.762Z] > git status -z -uall [588ms]
[2022-07-11T12:54:51.772Z] > git symbolic-ref --short HEAD [1ms]
[2022-07-11T12:54:51.780Z] > git for-each-ref --format=%(refname)%00%(upstream:short)%00%(objectname)%00%(upstream:track)%00%(upstream:remotename)%00%(upstream:remoteref) refs/heads/master refs/remotes/master [1ms]
[2022-07-11T12:54:51.804Z] > git remote --verbose [2ms]
[2022-07-11T12:54:51.805Z] > git for-each-ref --sort -committerdate --format %(refname) %(objectname) %(*objectname) [16ms]
[2022-07-11T12:54:51.887Z] > git config --get commit.template [7ms]
[2022-07-11T12:54:54.028Z] > git rev-list --count 3d011fb4ec5b8fce4dbc5a429ffb3e2c0b5d6d2d.. -- /root/backend/index.js [3ms]
[2022-07-11T12:54:54.039Z] > git log --format=%H%n%aN%n%aE%n%at%n%ct%n%P%n%D%n%B -z -n3 -- /root/backend/index.js [2ms]
[2022-07-11T12:54:54.848Z] > git log --format=%H%n%aN%n%aE%n%at%n%ct%n%P%n%D%n%B -z -n21 -- /root/backend/controllers/ctrl.js [2ms]
[2022-07-11T12:54:55.140Z] > git show --textconv :backend/controllers/ctrl.js [16ms]
[2022-07-11T12:54:55.144Z] > git ls-files --stage -- /root/backend/controllers/ctrl.js [8ms]
[2022-07-11T12:54:55.155Z] > git cat-file -s f08f7935872c8e85d93f04ca26e537f88a4ab3d7 [3ms]
[2022-07-11T12:54:57.508Z] > git status -z -uall [610ms]
[2022-07-11T12:54:57.520Z] > git symbolic-ref --short HEAD [3ms]
[2022-07-11T12:54:57.532Z] > git for-each-ref --format=%(refname)%00%(upstream:short)%00%(objectname)%00%(upstream:track)%00%(upstream:remotename)%00%(upstream:remoteref) refs/heads/master refs/remotes/master [3ms]
[2022-07-11T12:54:57.553Z] > git for-each-ref --sort -committerdate --format %(refname) %(objectname) %(*objectname) [12ms]
[2022-07-11T12:54:57.555Z] > git remote --verbose [3ms]
[2022-07-11T12:54:57.626Z] > git config --get commit.template [8ms]
[2022-07-11T12:55:00.120Z] > git rev-list --count 3d011fb4ec5b8fce4dbc5a429ffb3e2c0b5d6d2d.. -- /root/backend/controllers/ctrl.js [2ms]
[2022-07-11T12:55:00.130Z] > git log --format=%H%n%aN%n%aE%n%at%n%ct%n%P%n%D%n%B -z -n3 -- /root/backend/controllers/ctrl.js [2ms]
[2022-07-11T12:55:00.656Z] > git log --format=%H%n%aN%n%aE%n%at%n%ct%n%P%n%D%n%B -z -n21 -- /root/backend/index.js [4ms]
[2022-07-11T12:55:01.173Z] > git show --textconv :backend/index.js [13ms]
[2022-07-11T12:55:01.183Z] > git ls-files --stage -- /root/backend/index.js [13ms]
[2022-07-11T12:55:01.194Z] > git cat-file -s 57fb43ef17a3d2b94e26c58f3db4c4ce55866a16 [2ms]
[2022-07-11T12:55:01.858Z] > git log --format=%H%n%aN%n%aE%n%at%n%ct%n%P%n%D%n%B -z -n21 -- /root/backend/database.json [3ms]
[2022-07-11T12:55:02.067Z] > git ls-files --stage -- /root/backend/database.json [8ms]
[2022-07-11T12:55:02.080Z] > git show --textconv :backend/database.json [27ms]
[2022-07-11T12:55:02.081Z] > git cat-file -s 2fc12b46d332a301a44721adf66a5c0f82eb423f [2ms]
[2022-07-11T12:55:03.320Z] > git status -z -uall [679ms]
[2022-07-11T12:55:03.331Z] > git symbolic-ref --short HEAD [2ms]
[2022-07-11T12:55:03.342Z] > git for-each-ref --format=%(refname)%00%(upstream:short)%00%(objectname)%00%(upstream:track)%00%(upstream:remotename)%00%(upstream:remoteref) refs/heads/master refs/remotes/master [3ms]
[2022-07-11T12:55:03.363Z] > git for-each-ref --sort -committerdate --format %(refname) %(objectname) %(*objectname) [13ms]
[2022-07-11T12:55:03.364Z] > git remote --verbose [2ms]
[2022-07-11T12:55:03.446Z] > git config --get commit.template [2ms]
[2022-07-11T12:55:03.463Z] > git check-ignore -v -z --stdin [27ms]
[2022-07-11T12:55:05.341Z] > git log --format=%H%n%aN%n%aE%n%at%n%ct%n%P%n%D%n%B -z -n21 -- /root/backend/routes/router.js [6ms]
[2022-07-11T12:55:05.693Z] > git show --textconv :backend/routes/router.js [15ms]
[2022-07-11T12:55:05.695Z] > git ls-files --stage -- /root/backend/routes/router.js [8ms]
[2022-07-11T12:55:05.706Z] > git cat-file -s 7e44aa6108198d3948798c3c669f061b36da4491 [2ms]
[2022-07-11T12:55:09.077Z] > git status -z -uall [617ms]
[2022-07-11T12:55:09.088Z] > git symbolic-ref --short HEAD [2ms]
[2022-07-11T12:55:09.098Z] > git for-each-ref --format=%(refname)%00%(upstream:short)%00%(objectname)%00%(upstream:track)%00%(upstream:remotename)%00%(upstream:remoteref) refs/heads/master refs/remotes/master [2ms]
[2022-07-11T12:55:09.114Z] > git for-each-ref --sort -committerdate --format %(refname) %(objectname) %(*objectname) [9ms]
[2022-07-11T12:55:09.115Z] > git remote --verbose [2ms]
[2022-07-11T12:55:09.169Z] > git config --get commit.template [7ms]
[2022-07-11T12:55:11.249Z] > git rev-list --count 3d011fb4ec5b8fce4dbc5a429ffb3e2c0b5d6d2d.. -- /root/backend/routes/router.js [2ms]
[2022-07-11T12:55:11.260Z] > git log --format=%H%n%aN%n%aE%n%at%n%ct%n%P%n%D%n%B -z -n3 -- /root/backend/routes/router.js [1ms]
[2022-07-11T12:55:14.836Z] > git status -z -uall [652ms]
[2022-07-11T12:55:14.850Z] > git symbolic-ref --short HEAD [2ms]
[2022-07-11T12:55:14.863Z] > git for-each-ref --format=%(refname)%00%(upstream:short)%00%(objectname)%00%(upstream:track)%00%(upstream:remotename)%00%(upstream:remoteref) refs/heads/master refs/remotes/master [2ms]
[2022-07-11T12:55:14.891Z] > git remote --verbose [2ms]
[2022-07-11T12:55:14.892Z] > git for-each-ref --sort -committerdate --format %(refname) %(objectname) %(*objectname) [19ms]
[2022-07-11T12:55:14.957Z] > git config --get commit.template [2ms]
[2022-07-11T12:55:17.007Z] > git rev-list --count 3d011fb4ec5b8fce4dbc5a429ffb3e2c0b5d6d2d.. -- /root/backend/routes/router.js [3ms]
[2022-07-11T12:55:17.021Z] > git log --format=%H%n%aN%n%aE%n%at%n%ct%n%P%n%D%n%B -z -n3 -- /root/backend/routes/router.js [2ms]
[2022-07-11T12:55:21.096Z] > git status -z -uall [620ms]
[2022-07-11T12:55:21.111Z] > git symbolic-ref --short HEAD [2ms]
[2022-07-11T12:55:21.124Z] > git for-each-ref --format=%(refname)%00%(upstream:short)%00%(objectname)%00%(upstream:track)%00%(upstream:remotename)%00%(upstream:remoteref) refs/heads/master refs/remotes/master [3ms]
[2022-07-11T12:55:21.153Z] > git for-each-ref --sort -committerdate --format %(refname) %(objectname) %(*objectname) [19ms]
[2022-07-11T12:55:21.153Z] > git remote --verbose [2ms]
[2022-07-11T12:55:21.227Z] > git config --get commit.template [1ms]
[2022-07-11T12:55:23.471Z] > git rev-list --count 3d011fb4ec5b8fce4dbc5a429ffb3e2c0b5d6d2d.. -- /root/backend/routes/router.js [2ms]
[2022-07-11T12:55:23.483Z] > git log --format=%H%n%aN%n%aE%n%at%n%ct%n%P%n%D%n%B -z -n3 -- /root/backend/routes/router.js [2ms]
[2022-07-11T12:55:26.936Z] > git status -z -uall [693ms]
[2022-07-11T12:55:26.952Z] > git symbolic-ref --short HEAD [4ms]
[2022-07-11T12:55:26.966Z] > git for-each-ref --format=%(refname)%00%(upstream:short)%00%(objectname)%00%(upstream:track)%00%(upstream:remotename)%00%(upstream:remoteref) refs/heads/master refs/remotes/master [3ms]
[2022-07-11T12:55:26.995Z] > git for-each-ref --sort -committerdate --format %(refname) %(objectname) %(*objectname) [19ms]
[2022-07-11T12:55:26.996Z] > git remote --verbose [2ms]
[2022-07-11T12:55:27.074Z] > git config --get commit.template [2ms]
[2022-07-11T12:55:29.122Z] > git rev-list --count 3d011fb4ec5b8fce4dbc5a429ffb3e2c0b5d6d2d.. -- /root/backend/routes/router.js [3ms]
[2022-07-11T12:55:29.136Z] > git log --format=%H%n%aN%n%aE%n%at%n%ct%n%P%n%D%n%B -z -n3 -- /root/backend/routes/router.js [2ms]
[2022-07-11T12:55:32.808Z] > git status -z -uall [719ms]
[2022-07-11T12:55:32.821Z] > git symbolic-ref --short HEAD [1ms]
[2022-07-11T12:55:32.835Z] > git for-each-ref --format=%(refname)%00%(upstream:short)%00%(objectname)%00%(upstream:track)%00%(upstream:remotename)%00%(upstream:remoteref) refs/heads/master refs/remotes/master [4ms]
[2022-07-11T12:55:32.861Z] > git for-each-ref --sort -committerdate --format %(refname) %(objectname) %(*objectname) [16ms]
[2022-07-11T12:55:32.861Z] > git remote --verbose [2ms]
[2022-07-11T12:55:32.942Z] > git config --get commit.template [7ms]
[2022-07-11T12:55:34.686Z] > git log --format=%H%n%aN%n%aE%n%at%n%ct%n%P%n%D%n%B -z -n21 -- /root/backend/controllers/ctrl.js [7ms]
[2022-07-11T12:55:35.264Z] > git show --textconv :backend/controllers/ctrl.js [12ms]
[2022-07-11T12:55:35.276Z] > git ls-files --stage -- /root/backend/controllers/ctrl.js [13ms]
[2022-07-11T12:55:35.288Z] > git cat-file -s f08f7935872c8e85d93f04ca26e537f88a4ab3d7 [2ms]
[2022-07-11T12:55:42.321Z] > git status -z -uall [634ms]
[2022-07-11T12:55:42.334Z] > git symbolic-ref --short HEAD [2ms]
[2022-07-11T12:55:42.347Z] > git for-each-ref --format=%(refname)%00%(upstream:short)%00%(objectname)%00%(upstream:track)%00%(upstream:remotename)%00%(upstream:remoteref) refs/heads/master refs/remotes/master [3ms]
[2022-07-11T12:55:42.373Z] > git for-each-ref --sort -committerdate --format %(refname) %(objectname) %(*objectname) [16ms]
[2022-07-11T12:55:42.374Z] > git remote --verbose [2ms]
[2022-07-11T12:55:42.466Z] > git config --get commit.template [10ms]
[2022-07-11T12:55:44.649Z] > git rev-list --count 3d011fb4ec5b8fce4dbc5a429ffb3e2c0b5d6d2d.. -- /root/backend/controllers/ctrl.js [2ms]
[2022-07-11T12:55:44.663Z] > git log --format=%H%n%aN%n%aE%n%at%n%ct%n%P%n%D%n%B -z -n3 -- /root/backend/controllers/ctrl.js [3ms]
[2022-07-11T12:55:49.339Z] > git status -z -uall [681ms]
[2022-07-11T12:55:49.353Z] > git symbolic-ref --short HEAD [1ms]
[2022-07-11T12:55:49.366Z] > git for-each-ref --format=%(refname)%00%(upstream:short)%00%(objectname)%00%(upstream:track)%00%(upstream:remotename)%00%(upstream:remoteref) refs/heads/master refs/remotes/master [3ms]
[2022-07-11T12:55:49.394Z] > git for-each-ref --sort -committerdate --format %(refname) %(objectname) %(*objectname) [18ms]
[2022-07-11T12:55:49.394Z] > git remote --verbose [2ms]
[2022-07-11T12:55:49.496Z] > git config --get commit.template [12ms]
[2022-07-11T12:55:51.544Z] > git rev-list --count 3d011fb4ec5b8fce4dbc5a429ffb3e2c0b5d6d2d.. -- /root/backend/controllers/ctrl.js [2ms]
[2022-07-11T12:55:51.556Z] > git log --format=%H%n%aN%n%aE%n%at%n%ct%n%P%n%D%n%B -z -n3 -- /root/backend/controllers/ctrl.js [2ms]
[2022-07-11T12:55:55.107Z] > git status -z -uall [597ms]
[2022-07-11T12:55:55.124Z] > git symbolic-ref --short HEAD [4ms]
[2022-07-11T12:55:55.133Z] > git for-each-ref --format=%(refname)%00%(upstream:short)%00%(objectname)%00%(upstream:track)%00%(upstream:remotename)%00%(upstream:remoteref) refs/heads/master refs/remotes/master [2ms]
[2022-07-11T12:55:55.153Z] > git remote --verbose [1ms]
[2022-07-11T12:55:55.154Z] > git for-each-ref --sort -committerdate --format %(refname) %(objectname) %(*objectname) [14ms]
[2022-07-11T12:55:55.288Z] > git config --get commit.template [2ms]
[2022-07-11T12:55:57.389Z] > git rev-list --count 3d011fb4ec5b8fce4dbc5a429ffb3e2c0b5d6d2d.. -- /root/backend/controllers/ctrl.js [2ms]
[2022-07-11T12:55:57.400Z] > git log --format=%H%n%aN%n%aE%n%at%n%ct%n%P%n%D%n%B -z -n3 -- /root/backend/controllers/ctrl.js [3ms]
[2022-07-11T12:56:01.218Z] > git log --format=%H%n%aN%n%aE%n%at%n%ct%n%P%n%D%n%B -z -n21 -- /root/backend/index.js [14ms]
[2022-07-11T12:56:01.431Z] > git show --textconv :backend/index.js [17ms]
[2022-07-11T12:56:01.435Z] > git ls-files --stage -- /root/backend/index.js [10ms]
[2022-07-11T12:56:01.448Z] > git cat-file -s 57fb43ef17a3d2b94e26c58f3db4c4ce55866a16 [2ms]
[2022-07-11T12:56:01.852Z] > git status -z -uall [636ms]
[2022-07-11T12:56:01.864Z] > git symbolic-ref --short HEAD [2ms]
[2022-07-11T12:56:01.874Z] > git for-each-ref --format=%(refname)%00%(upstream:short)%00%(objectname)%00%(upstream:track)%00%(upstream:remotename)%00%(upstream:remoteref) refs/heads/master refs/remotes/master [2ms]
[2022-07-11T12:56:01.897Z] > git remote --verbose [1ms]
[2022-07-11T12:56:01.897Z] > git for-each-ref --sort -committerdate --format %(refname) %(objectname) %(*objectname) [15ms]
[2022-07-11T12:56:01.967Z] > git config --get commit.template [7ms]
[2022-07-11T12:56:04.042Z] > git rev-list --count 3d011fb4ec5b8fce4dbc5a429ffb3e2c0b5d6d2d.. -- /root/backend/index.js [7ms]
[2022-07-11T12:56:04.056Z] > git log --format=%H%n%aN%n%aE%n%at%n%ct%n%P%n%D%n%B -z -n3 -- /root/backend/index.js [2ms]
[2022-07-11T12:56:05.739Z] > git log --format=%H%n%aN%n%aE%n%at%n%ct%n%P%n%D%n%B -z -n21 -- /root/backend/routes/router.js [4ms]
[2022-07-11T12:56:05.953Z] > git show --textconv :backend/routes/router.js [11ms]
[2022-07-11T12:56:05.959Z] > git ls-files --stage -- /root/backend/routes/router.js [7ms]
[2022-07-11T12:56:05.971Z] > git cat-file -s 7e44aa6108198d3948798c3c669f061b36da4491 [1ms]
[2022-07-11T12:56:07.610Z] > git status -z -uall [629ms]
[2022-07-11T12:56:07.626Z] > git symbolic-ref --short HEAD [2ms]
[2022-07-11T12:56:07.639Z] > git for-each-ref --format=%(refname)%00%(upstream:short)%00%(objectname)%00%(upstream:track)%00%(upstream:remotename)%00%(upstream:remoteref) refs/heads/master refs/remotes/master [3ms]
[2022-07-11T12:56:07.660Z] > git for-each-ref --sort -committerdate --format %(refname) %(objectname) %(*objectname) [12ms]
[2022-07-11T12:56:07.661Z] > git remote --verbose [2ms]
[2022-07-11T12:56:07.731Z] > git config --get commit.template [7ms]
[2022-07-11T12:56:09.820Z] > git rev-list --count 3d011fb4ec5b8fce4dbc5a429ffb3e2c0b5d6d2d.. -- /root/backend/routes/router.js [3ms]
[2022-07-11T12:56:09.833Z] > git log --format=%H%n%aN%n%aE%n%at%n%ct%n%P%n%D%n%B -z -n3 -- /root/backend/routes/router.js [3ms]
[2022-07-11T12:56:13.383Z] > git status -z -uall [639ms]
[2022-07-11T12:56:13.395Z] > git symbolic-ref --short HEAD [2ms]
[2022-07-11T12:56:13.406Z] > git for-each-ref --format=%(refname)%00%(upstream:short)%00%(objectname)%00%(upstream:track)%00%(upstream:remotename)%00%(upstream:remoteref) refs/heads/master refs/remotes/master [3ms]
[2022-07-11T12:56:13.427Z] > git for-each-ref --sort -committerdate --format %(refname) %(objectname) %(*objectname) [13ms]
[2022-07-11T12:56:13.428Z] > git remote --verbose [2ms]
[2022-07-11T12:56:13.491Z] > git config --get commit.template [2ms]
[2022-07-11T12:56:15.474Z] > git rev-list --count 3d011fb4ec5b8fce4dbc5a429ffb3e2c0b5d6d2d.. -- /root/backend/routes/router.js [3ms]
[2022-07-11T12:56:15.488Z] > git log --format=%H%n%aN%n%aE%n%at%n%ct%n%P%n%D%n%B -z -n3 -- /root/backend/routes/router.js [3ms]
[2022-07-11T12:56:19.106Z] > git status -z -uall [601ms]
[2022-07-11T12:56:19.114Z] > git symbolic-ref --short HEAD [1ms]
[2022-07-11T12:56:19.123Z] > git for-each-ref --format=%(refname)%00%(upstream:short)%00%(objectname)%00%(upstream:track)%00%(upstream:remotename)%00%(upstream:remoteref) refs/heads/master refs/remotes/master [2ms]
[2022-07-11T12:56:19.140Z] > git for-each-ref --sort -committerdate --format %(refname) %(objectname) %(*objectname) [10ms]
[2022-07-11T12:56:19.140Z] > git remote --verbose [1ms]
[2022-07-11T12:56:19.196Z] > git config --get commit.template [6ms]
[2022-07-11T12:56:21.289Z] > git rev-list --count 3d011fb4ec5b8fce4dbc5a429ffb3e2c0b5d6d2d.. -- /root/backend/routes/router.js [2ms]
[2022-07-11T12:56:21.303Z] > git log --format=%H%n%aN%n%aE%n%at%n%ct%n%P%n%D%n%B -z -n3 -- /root/backend/routes/router.js [3ms]
[2022-07-11T12:56:24.853Z] > git status -z -uall [644ms]
[2022-07-11T12:56:24.866Z] > git symbolic-ref --short HEAD [2ms]
[2022-07-11T12:56:24.878Z] > git for-each-ref --format=%(refname)%00%(upstream:short)%00%(objectname)%00%(upstream:track)%00%(upstream:remotename)%00%(upstream:remoteref) refs/heads/master refs/remotes/master [2ms]
[2022-07-11T12:56:24.905Z] > git remote --verbose [2ms]
[2022-07-11T12:56:24.907Z] > git for-each-ref --sort -committerdate --format %(refname) %(objectname) %(*objectname) [19ms]
[2022-07-11T12:56:24.978Z] > git config --get commit.template [2ms]
[2022-07-11T12:56:27.798Z] > git rev-list --count 3d011fb4ec5b8fce4dbc5a429ffb3e2c0b5d6d2d.. -- /root/backend/routes/router.js [3ms]
[2022-07-11T12:56:27.812Z] > git log --format=%H%n%aN%n%aE%n%at%n%ct%n%P%n%D%n%B -z -n3 -- /root/backend/routes/router.js [3ms]
[2022-07-11T12:56:30.630Z] > git status -z -uall [641ms]
[2022-07-11T12:56:30.644Z] > git symbolic-ref --short HEAD [1ms]
[2022-07-11T12:56:30.655Z] > git for-each-ref --format=%(refname)%00%(upstream:short)%00%(objectname)%00%(upstream:track)%00%(upstream:remotename)%00%(upstream:remoteref) refs/heads/master refs/remotes/master [2ms]
[2022-07-11T12:56:30.680Z] > git for-each-ref --sort -committerdate --format %(refname) %(objectname) %(*objectname) [16ms]
[2022-07-11T12:56:30.681Z] > git remote --verbose [2ms]
[2022-07-11T12:56:30.751Z] > git config --get commit.template [3ms]
[2022-07-11T12:56:32.860Z] > git rev-list --count 3d011fb4ec5b8fce4dbc5a429ffb3e2c0b5d6d2d.. -- /root/backend/routes/router.js [3ms]
[2022-07-11T12:56:32.874Z] > git log --format=%H%n%aN%n%aE%n%at%n%ct%n%P%n%D%n%B -z -n3 -- /root/backend/routes/router.js [2ms]
[2022-07-11T12:56:36.404Z] > git status -z -uall [641ms]
[2022-07-11T12:56:36.420Z] > git symbolic-ref --short HEAD [4ms]
[2022-07-11T12:56:36.435Z] > git for-each-ref --format=%(refname)%00%(upstream:short)%00%(objectname)%00%(upstream:track)%00%(upstream:remotename)%00%(upstream:remoteref) refs/heads/master refs/remotes/master [5ms]
[2022-07-11T12:56:36.462Z] > git for-each-ref --sort -committerdate --format %(refname) %(objectname) %(*objectname) [17ms]
[2022-07-11T12:56:36.463Z] > git remote --verbose [3ms]
[2022-07-11T12:56:36.598Z] > git config --get commit.template [3ms]
[2022-07-11T12:56:38.694Z] > git rev-list --count 3d011fb4ec5b8fce4dbc5a429ffb3e2c0b5d6d2d.. -- /root/backend/routes/router.js [3ms]
[2022-07-11T12:56:38.708Z] > git log --format=%H%n%aN%n%aE%n%at%n%ct%n%P%n%D%n%B -z -n3 -- /root/backend/routes/router.js [2ms]
[2022-07-11T12:56:42.258Z] > git status -z -uall [647ms]
[2022-07-11T12:56:42.272Z] > git symbolic-ref --short HEAD [2ms]
[2022-07-11T12:56:42.285Z] > git for-each-ref --format=%(refname)%00%(upstream:short)%00%(objectname)%00%(upstream:track)%00%(upstream:remotename)%00%(upstream:remoteref) refs/heads/master refs/remotes/master [3ms]
[2022-07-11T12:56:42.309Z] > git remote --verbose [2ms]
[2022-07-11T12:56:42.309Z] > git for-each-ref --sort -committerdate --format %(refname) %(objectname) %(*objectname) [15ms]
[2022-07-11T12:56:42.381Z] > git config --get commit.template [1ms]
[2022-07-11T12:56:44.578Z] > git rev-list --count 3d011fb4ec5b8fce4dbc5a429ffb3e2c0b5d6d2d.. -- /root/backend/routes/router.js [1ms]
[2022-07-11T12:56:44.592Z] > git log --format=%H%n%aN%n%aE%n%at%n%ct%n%P%n%D%n%B -z -n3 -- /root/backend/routes/router.js [3ms]
[2022-07-11T12:56:47.985Z] > git status -z -uall [591ms]
[2022-07-11T12:56:47.998Z] > git symbolic-ref --short HEAD [2ms]
[2022-07-11T12:56:48.011Z] > git for-each-ref --format=%(refname)%00%(upstream:short)%00%(objectname)%00%(upstream:track)%00%(upstream:remotename)%00%(upstream:remoteref) refs/heads/master refs/remotes/master [3ms]
[2022-07-11T12:56:48.033Z] > git for-each-ref --sort -committerdate --format %(refname) %(objectname) %(*objectname) [12ms]
[2022-07-11T12:56:48.035Z] > git remote --verbose [4ms]
[2022-07-11T12:56:48.135Z] > git config --get commit.template [2ms]
[2022-07-11T12:56:50.507Z] > git rev-list --count 3d011fb4ec5b8fce4dbc5a429ffb3e2c0b5d6d2d.. -- /root/backend/routes/router.js [3ms]
[2022-07-11T12:56:50.521Z] > git log --format=%H%n%aN%n%aE%n%at%n%ct%n%P%n%D%n%B -z -n3 -- /root/backend/routes/router.js [3ms]
[2022-07-11T12:56:53.804Z] > git status -z -uall [653ms]
[2022-07-11T12:56:53.822Z] > git symbolic-ref --short HEAD [4ms]
[2022-07-11T12:56:53.832Z] > git for-each-ref --format=%(refname)%00%(upstream:short)%00%(objectname)%00%(upstream:track)%00%(upstream:remotename)%00%(upstream:remoteref) refs/heads/master refs/remotes/master [2ms]
[2022-07-11T12:56:53.850Z] > git for-each-ref --sort -committerdate --format %(refname) %(objectname) %(*objectname) [8ms]
[2022-07-11T12:56:53.852Z] > git remote --verbose [5ms]
[2022-07-11T12:56:55.773Z] > git config --get commit.template [6ms]
[2022-07-11T12:56:56.247Z] > git rev-list --count 3d011fb4ec5b8fce4dbc5a429ffb3e2c0b5d6d2d.. -- /root/backend/routes/router.js [3ms]
[2022-07-11T12:56:56.261Z] > git log --format=%H%n%aN%n%aE%n%at%n%ct%n%P%n%D%n%B -z -n3 -- /root/backend/routes/router.js [3ms]
[2022-07-11T12:57:01.395Z] > git status -z -uall [609ms]
[2022-07-11T12:57:01.408Z] > git symbolic-ref --short HEAD [1ms]
[2022-07-11T12:57:01.418Z] > git for-each-ref --format=%(refname)%00%(upstream:short)%00%(objectname)%00%(upstream:track)%00%(upstream:remotename)%00%(upstream:remoteref) refs/heads/master refs/remotes/master [3ms]
[2022-07-11T12:57:01.437Z] > git remote --verbose [2ms]
[2022-07-11T12:57:01.437Z] > git for-each-ref --sort -committerdate --format %(refname) %(objectname) %(*objectname) [13ms]
[2022-07-11T12:57:01.508Z] > git config --get commit.template [7ms]
[2022-07-11T12:57:03.471Z] > git rev-list --count 3d011fb4ec5b8fce4dbc5a429ffb3e2c0b5d6d2d.. -- /root/backend/routes/router.js [2ms]
[2022-07-11T12:57:03.483Z] > git log --format=%H%n%aN%n%aE%n%at%n%ct%n%P%n%D%n%B -z -n3 -- /root/backend/routes/router.js [3ms]
[2022-07-11T12:57:07.152Z] > git status -z -uall [634ms]
[2022-07-11T12:57:07.162Z] > git symbolic-ref --short HEAD [1ms]
[2022-07-11T12:57:07.176Z] > git for-each-ref --format=%(refname)%00%(upstream:short)%00%(objectname)%00%(upstream:track)%00%(upstream:remotename)%00%(upstream:remoteref) refs/heads/master refs/remotes/master [0ms]
[2022-07-11T12:57:07.218Z] > git for-each-ref --sort -committerdate --format %(refname) %(objectname) %(*objectname) [33ms]
[2022-07-11T12:57:07.224Z] > git remote --verbose [9ms]
[2022-07-11T12:57:07.277Z] > git config --get commit.template [1ms]
[2022-07-11T12:57:10.549Z] > git rev-list --count 3d011fb4ec5b8fce4dbc5a429ffb3e2c0b5d6d2d.. -- /root/backend/routes/router.js [3ms]
[2022-07-11T12:57:10.560Z] > git log --format=%H%n%aN%n%aE%n%at%n%ct%n%P%n%D%n%B -z -n3 -- /root/backend/routes/router.js [2ms]
[2022-07-11T12:57:12.918Z] > git status -z -uall [628ms]
[2022-07-11T12:57:12.931Z] > git symbolic-ref --short HEAD [2ms]
[2022-07-11T12:57:12.942Z] > git for-each-ref --format=%(refname)%00%(upstream:short)%00%(objectname)%00%(upstream:track)%00%(upstream:remotename)%00%(upstream:remoteref) refs/heads/master refs/remotes/master [2ms]
[2022-07-11T12:57:12.965Z] > git remote --verbose [1ms]
[2022-07-11T12:57:12.966Z] > git for-each-ref --sort -committerdate --format %(refname) %(objectname) %(*objectname) [15ms]
[2022-07-11T12:57:13.032Z] > git config --get commit.template [1ms]
[2022-07-11T12:57:15.186Z] > git rev-list --count 3d011fb4ec5b8fce4dbc5a429ffb3e2c0b5d6d2d.. -- /root/backend/routes/router.js [4ms]
[2022-07-11T12:57:15.200Z] > git log --format=%H%n%aN%n%aE%n%at%n%ct%n%P%n%D%n%B -z -n3 -- /root/backend/routes/router.js [4ms]
[2022-07-11T12:57:18.710Z] > git status -z -uall [666ms]
[2022-07-11T12:57:18.721Z] > git symbolic-ref --short HEAD [1ms]
[2022-07-11T12:57:18.733Z] > git for-each-ref --format=%(refname)%00%(upstream:short)%00%(objectname)%00%(upstream:track)%00%(upstream:remotename)%00%(upstream:remoteref) refs/heads/master refs/remotes/master [3ms]
[2022-07-11T12:57:18.757Z] > git remote --verbose [1ms]
[2022-07-11T12:57:18.758Z] > git for-each-ref --sort -committerdate --format %(refname) %(objectname) %(*objectname) [17ms]
[2022-07-11T12:57:18.837Z] > git config --get commit.template [2ms]
[2022-07-11T12:57:20.941Z] > git rev-list --count 3d011fb4ec5b8fce4dbc5a429ffb3e2c0b5d6d2d.. -- /root/backend/routes/router.js [3ms]
[2022-07-11T12:57:20.955Z] > git log --format=%H%n%aN%n%aE%n%at%n%ct%n%P%n%D%n%B -z -n3 -- /root/backend/routes/router.js [2ms]
[2022-07-11T12:57:24.518Z] > git status -z -uall [669ms]
[2022-07-11T12:57:24.530Z] > git symbolic-ref --short HEAD [2ms]
[2022-07-11T12:57:24.538Z] > git for-each-ref --format=%(refname)%00%(upstream:short)%00%(objectname)%00%(upstream:track)%00%(upstream:remotename)%00%(upstream:remoteref) refs/heads/master refs/remotes/master [1ms]
[2022-07-11T12:57:24.557Z] > git for-each-ref --sort -committerdate --format %(refname) %(objectname) %(*objectname) [13ms]
[2022-07-11T12:57:24.557Z] > git remote --verbose [1ms]
[2022-07-11T12:57:24.612Z] > git config --get commit.template [7ms]
[2022-07-11T12:57:26.658Z] > git rev-list --count 3d011fb4ec5b8fce4dbc5a429ffb3e2c0b5d6d2d.. -- /root/backend/routes/router.js [3ms]
[2022-07-11T12:57:26.673Z] > git log --format=%H%n%aN%n%aE%n%at%n%ct%n%P%n%D%n%B -z -n3 -- /root/backend/routes/router.js [3ms]
[2022-07-11T12:57:30.269Z] > git status -z -uall [644ms]
[2022-07-11T12:57:30.284Z] > git symbolic-ref --short HEAD [2ms]
[2022-07-11T12:57:30.297Z] > git for-each-ref --format=%(refname)%00%(upstream:short)%00%(objectname)%00%(upstream:track)%00%(upstream:remotename)%00%(upstream:remoteref) refs/heads/master refs/remotes/master [3ms]
[2022-07-11T12:57:30.324Z] > git remote --verbose [2ms]
[2022-07-11T12:57:30.325Z] > git for-each-ref --sort -committerdate --format %(refname) %(objectname) %(*objectname) [17ms]
[2022-07-11T12:57:30.399Z] > git config --get commit.template [7ms]
[2022-07-11T12:57:32.414Z] > git rev-list --count 3d011fb4ec5b8fce4dbc5a429ffb3e2c0b5d6d2d.. -- /root/backend/routes/router.js [3ms]
[2022-07-11T12:57:32.429Z] > git log --format=%H%n%aN%n%aE%n%at%n%ct%n%P%n%D%n%B -z -n3 -- /root/backend/routes/router.js [3ms]
[2022-07-11T12:57:34.734Z] > git log --format=%H%n%aN%n%aE%n%at%n%ct%n%P%n%D%n%B -z -n21 -- /root/frontend/App.js [2ms]
[2022-07-11T12:57:34.912Z] > git show --textconv :frontend/App.js [15ms]
[2022-07-11T12:57:34.918Z] > git ls-files --stage -- /root/frontend/App.js [11ms]
[2022-07-11T12:57:34.929Z] > git cat-file -s 7824cddee6d2476baf2311555d81ceef53412447 [3ms]
[2022-07-11T12:57:36.090Z] > git status -z -uall [676ms]
[2022-07-11T12:57:36.101Z] > git symbolic-ref --short HEAD [1ms]
[2022-07-11T12:57:36.111Z] > git for-each-ref --format=%(refname)%00%(upstream:short)%00%(objectname)%00%(upstream:track)%00%(upstream:remotename)%00%(upstream:remoteref) refs/heads/master refs/remotes/master [1ms]
[2022-07-11T12:57:36.134Z] > git remote --verbose [2ms]
[2022-07-11T12:57:36.134Z] > git for-each-ref --sort -committerdate --format %(refname) %(objectname) %(*objectname) [15ms]
[2022-07-11T12:57:36.221Z] > git config --get commit.template [12ms]
[2022-07-11T12:57:38.726Z] > git rev-list --count 9f89791bc2fa4086a9deda6b672ca0fd0cbd2660.. -- /root/frontend/App.js [2ms]
[2022-07-11T12:57:38.744Z] > git log --format=%H%n%aN%n%aE%n%at%n%ct%n%P%n%D%n%B -z -n2 -- /root/frontend/App.js [2ms]
[2022-07-11T12:57:39.175Z] > git log --format=%H%n%aN%n%aE%n%at%n%ct%n%P%n%D%n%B -z -n21 -- /root/frontend/screens/FindScreen.js [4ms]
[2022-07-11T12:57:39.412Z] > git show --textconv :frontend/screens/FindScreen.js [18ms]
[2022-07-11T12:57:39.420Z] > git ls-files --stage -- /root/frontend/screens/FindScreen.js [11ms]
[2022-07-11T12:57:39.432Z] > git cat-file -s 406730b9b1e8ab74a3c567efadd2a04c514e878c [2ms]
[2022-07-11T12:57:41.945Z] > git status -z -uall [713ms]
[2022-07-11T12:57:41.962Z] > git symbolic-ref --short HEAD [4ms]
[2022-07-11T12:57:41.976Z] > git for-each-ref --format=%(refname)%00%(upstream:short)%00%(objectname)%00%(upstream:track)%00%(upstream:remotename)%00%(upstream:remoteref) refs/heads/master refs/remotes/master [3ms]
[2022-07-11T12:57:41.999Z] > git remote --verbose [2ms]
[2022-07-11T12:57:41.999Z] > git for-each-ref --sort -committerdate --format %(refname) %(objectname) %(*objectname) [14ms]
[2022-07-11T12:57:42.093Z] > git config --get commit.template [2ms]
[2022-07-11T12:57:44.521Z] > git log --format=%H%n%aN%n%aE%n%at%n%ct%n%P%n%D%n%B -z -n21 -- /root/backend/routes/router.js [2ms]
[2022-07-11T12:57:45.211Z] > git show --textconv :backend/routes/router.js [23ms]
[2022-07-11T12:57:45.221Z] > git ls-files --stage -- /root/backend/routes/router.js [19ms]
[2022-07-11T12:57:45.249Z] > git cat-file -s 7e44aa6108198d3948798c3c669f061b36da4491 [8ms]
[2022-07-11T12:57:47.853Z] > git status -z -uall [747ms]
[2022-07-11T12:57:47.864Z] > git symbolic-ref --short HEAD [2ms]
[2022-07-11T12:57:47.872Z] > git for-each-ref --format=%(refname)%00%(upstream:short)%00%(objectname)%00%(upstream:track)%00%(upstream:remotename)%00%(upstream:remoteref) refs/heads/master refs/remotes/master [1ms]
[2022-07-11T12:57:47.897Z] > git remote --verbose [5ms]
[2022-07-11T12:57:47.898Z] > git for-each-ref --sort -committerdate --format %(refname) %(objectname) %(*objectname) [18ms]
[2022-07-11T12:57:48.022Z] > git config --get commit.template [2ms]
[2022-07-11T12:57:52.666Z] > git rev-list --count 3d011fb4ec5b8fce4dbc5a429ffb3e2c0b5d6d2d.. -- /root/backend/routes/router.js [3ms]
[2022-07-11T12:57:52.682Z] > git log --format=%H%n%aN%n%aE%n%at%n%ct%n%P%n%D%n%B -z -n3 -- /root/backend/routes/router.js [6ms]
[2022-07-11T12:57:55.657Z] > git status -z -uall [734ms]
[2022-07-11T12:57:55.664Z] > git check-ignore -v -z --stdin [7ms]
[2022-07-11T12:58:03.223Z] > git log --format=%H%n%aN%n%aE%n%at%n%ct%n%P%n%D%n%B -z -n21 -- /root/backend/controllers/ctrl.js [12ms]
[2022-07-11T12:58:03.423Z] > git show --textconv :backend/controllers/ctrl.js [26ms]
[2022-07-11T12:58:03.427Z] > git ls-files --stage -- /root/backend/controllers/ctrl.js [19ms]
[2022-07-11T12:58:03.440Z] > git cat-file -s f08f7935872c8e85d93f04ca26e537f88a4ab3d7 [2ms]
[2022-07-11T12:59:02.338Z] > git log --format=%H%n%aN%n%aE%n%at%n%ct%n%P%n%D%n%B -z -n21 -- /root/backend/index.js [2ms]
[2022-07-11T12:59:02.633Z] > git show --textconv :backend/index.js [17ms]
[2022-07-11T12:59:02.637Z] > git ls-files --stage -- /root/backend/index.js [10ms]
[2022-07-11T12:59:02.646Z] > git cat-file -s 57fb43ef17a3d2b94e26c58f3db4c4ce55866a16 [2ms]
[2022-07-11T12:59:02.856Z] > git log --format=%H%n%aN%n%aE%n%at%n%ct%n%P%n%D%n%B -z -n21 -- /root/backend/routes/router.js [5ms]
[2022-07-11T12:59:03.363Z] > git show --textconv :backend/routes/router.js [13ms]
[2022-07-11T12:59:03.368Z] > git ls-files --stage -- /root/backend/routes/router.js [9ms]
[2022-07-11T12:59:03.378Z] > git cat-file -s 7e44aa6108198d3948798c3c669f061b36da4491 [2ms]
[2022-07-11T12:59:06.155Z] > git log --format=%H%n%aN%n%aE%n%at%n%ct%n%P%n%D%n%B -z -n21 -- /root/backend/index.js [7ms]
[2022-07-11T12:59:06.414Z] > git show --textconv :backend/index.js [14ms]
[2022-07-11T12:59:06.419Z] > git ls-files --stage -- /root/backend/index.js [10ms]
[2022-07-11T12:59:06.430Z] > git cat-file -s 57fb43ef17a3d2b94e26c58f3db4c4ce55866a16 [3ms]
[2022-07-11T12:59:22.653Z] > git log --format=%H%n%aN%n%aE%n%at%n%ct%n%P%n%D%n%B -z -n21 -- /root/frontend/screens/LoginScreen.js [3ms]
[2022-07-11T12:59:23.463Z] > git show --textconv :frontend/screens/LoginScreen.js [15ms]
[2022-07-11T12:59:23.466Z] > git ls-files --stage -- /root/frontend/screens/LoginScreen.js [8ms]
[2022-07-11T12:59:23.476Z] > git cat-file -s 1868c67942cfeefbe0d26608bd1270a3e89fa27b [2ms]
[2022-07-11T12:59:50.667Z] > git log --format=%H%n%aN%n%aE%n%at%n%ct%n%P%n%D%n%B -z -n21 -- /root/backend/controllers/ctrl.js [4ms]
[2022-07-11T12:59:50.891Z] > git show --textconv :backend/controllers/ctrl.js [14ms]
[2022-07-11T12:59:50.899Z] > git ls-files --stage -- /root/backend/controllers/ctrl.js [13ms]
[2022-07-11T12:59:50.910Z] > git cat-file -s f08f7935872c8e85d93f04ca26e537f88a4ab3d7 [3ms]
[2022-07-11T12:59:59.544Z] > git log --format=%H%n%aN%n%aE%n%at%n%ct%n%P%n%D%n%B -z -n21 -- /root/backend/index.js [5ms]
[2022-07-11T12:59:59.788Z] > git show --textconv :backend/index.js [13ms]
[2022-07-11T12:59:59.794Z] > git ls-files --stage -- /root/backend/index.js [13ms]
[2022-07-11T12:59:59.802Z] > git cat-file -s 57fb43ef17a3d2b94e26c58f3db4c4ce55866a16 [1ms]
[2022-07-11T13:00:01.553Z] > git log --format=%H%n%aN%n%aE%n%at%n%ct%n%P%n%D%n%B -z -n21 -- /root/backend/routes/router.js [5ms]
[2022-07-11T13:00:01.747Z] > git show --textconv :backend/routes/router.js [14ms]
[2022-07-11T13:00:01.757Z] > git ls-files --stage -- /root/backend/routes/router.js [14ms]
[2022-07-11T13:00:01.767Z] > git cat-file -s 7e44aa6108198d3948798c3c669f061b36da4491 [2ms]
[2022-07-11T13:00:02.624Z] > git log --format=%H%n%aN%n%aE%n%at%n%ct%n%P%n%D%n%B -z -n21 -- /root/backend/controllers/ctrl.js [7ms]
[2022-07-11T13:00:02.844Z] > git show --textconv :backend/controllers/ctrl.js [21ms]
[2022-07-11T13:00:02.844Z] > git ls-files --stage -- /root/backend/controllers/ctrl.js [13ms]
[2022-07-11T13:00:02.853Z] > git cat-file -s f08f7935872c8e85d93f04ca26e537f88a4ab3d7 [3ms]
[2022-07-11T13:00:04.379Z] > git log --format=%H%n%aN%n%aE%n%at%n%ct%n%P%n%D%n%B -z -n21 -- /root/backend/routes/router.js [3ms]
[2022-07-11T13:00:04.610Z] > git show --textconv :backend/routes/router.js [12ms]
[2022-07-11T13:00:04.618Z] > git ls-files --stage -- /root/backend/routes/router.js [11ms]
[2022-07-11T13:00:04.626Z] > git cat-file -s 7e44aa6108198d3948798c3c669f061b36da4491 [1ms]
[2022-07-11T13:00:10.402Z] > git log --format=%H%n%aN%n%aE%n%at%n%ct%n%P%n%D%n%B -z -n21 -- /root/backend/index.js [4ms]
[2022-07-11T13:00:10.644Z] > git show --textconv :backend/index.js [14ms]
[2022-07-11T13:00:10.646Z] > git ls-files --stage -- /root/backend/index.js [8ms]
[2022-07-11T13:00:10.658Z] > git cat-file -s 57fb43ef17a3d2b94e26c58f3db4c4ce55866a16 [2ms]
[2022-07-11T13:00:17.256Z] > git log --format=%H%n%aN%n%aE%n%at%n%ct%n%P%n%D%n%B -z -n21 -- /root/frontend/screens/PostScreen.js [3ms]
[2022-07-11T13:00:17.561Z] > git show --textconv :frontend/screens/PostScreen.js [13ms]
[2022-07-11T13:00:17.568Z] > git ls-files --stage -- /root/frontend/screens/PostScreen.js [10ms]
[2022-07-11T13:00:17.578Z] > git cat-file -s c390d9a61a666d7496a936f02d101db13ee86e94 [2ms]
[2022-07-11T13:00:24.128Z] > git log --format=%H%n%aN%n%aE%n%at%n%ct%n%P%n%D%n%B -z -n21 -- /root/frontend/screens/LoginScreen.js [5ms]
[2022-07-11T13:00:24.442Z] > git show --textconv :frontend/screens/LoginScreen.js [17ms]
[2022-07-11T13:00:24.450Z] > git ls-files --stage -- /root/frontend/screens/LoginScreen.js [14ms]
[2022-07-11T13:00:24.460Z] > git cat-file -s 1868c67942cfeefbe0d26608bd1270a3e89fa27b [2ms]
[2022-07-11T13:00:52.884Z] > git check-ignore -v -z --stdin [11ms]
[2022-07-11T13:00:55.155Z] > git check-ignore -v -z --stdin [14ms]
[2022-07-11T13:00:58.072Z] > git check-ignore -v -z --stdin [66ms]
[2022-07-11T13:03:46.640Z] > git check-ignore -v -z --stdin [26ms]
[2022-07-11T13:03:47.738Z] > git log --format=%H%n%aN%n%aE%n%at%n%ct%n%P%n%D%n%B -z -n21 -- /root/frontend/MyList (1).js [11ms]
[2022-07-11T13:03:48.047Z] > git show --textconv :frontend/MyList (1).js [15ms]
[2022-07-11T13:03:48.054Z] > git ls-files --stage -- /root/frontend/MyList (1).js [13ms]
[2022-07-11T13:03:52.602Z] > git log --format=%H%n%aN%n%aE%n%at%n%ct%n%P%n%D%n%B -z -n21 -- /root/frontend/HomeScreen.js [8ms]
[2022-07-11T13:03:52.788Z] > git show --textconv :frontend/HomeScreen.js [9ms]
[2022-07-11T13:03:52.797Z] > git ls-files --stage -- /root/frontend/HomeScreen.js [10ms]
[2022-07-11T13:03:53.563Z] > git log --format=%H%n%aN%n%aE%n%at%n%ct%n%P%n%D%n%B -z -n21 -- /root/frontend/MyList (1).js [10ms]
[2022-07-11T13:03:53.745Z] > git show --textconv :frontend/MyList (1).js [12ms]
[2022-07-11T13:03:53.756Z] > git ls-files --stage -- /root/frontend/MyList (1).js [13ms]
[2022-07-11T13:03:54.517Z] > git log --format=%H%n%aN%n%aE%n%at%n%ct%n%P%n%D%n%B -z -n21 -- /root/frontend/HomeScreen.js [3ms]
[2022-07-11T13:03:54.769Z] > git show --textconv :frontend/HomeScreen.js [12ms]
[2022-07-11T13:03:54.778Z] > git ls-files --stage -- /root/frontend/HomeScreen.js [12ms]
[2022-07-11T13:03:55.024Z] > git log --format=%H%n%aN%n%aE%n%at%n%ct%n%P%n%D%n%B -z -n21 -- /root/frontend/FindScreen.js [4ms]
[2022-07-11T13:03:55.253Z] > git show --textconv :frontend/FindScreen.js [14ms]
[2022-07-11T13:03:55.261Z] > git ls-files --stage -- /root/frontend/FindScreen.js [13ms]
[2022-07-11T13:03:55.862Z] > git log --format=%H%n%aN%n%aE%n%at%n%ct%n%P%n%D%n%B -z -n21 -- /root/frontend/HomeScreen.js [5ms]
[2022-07-11T13:03:56.079Z] > git show --textconv :frontend/HomeScreen.js [14ms]
[2022-07-11T13:03:56.088Z] > git ls-files --stage -- /root/frontend/HomeScreen.js [13ms]
[2022-07-11T13:03:56.438Z] > git log --format=%H%n%aN%n%aE%n%at%n%ct%n%P%n%D%n%B -z -n21 -- /root/frontend/MyList (1).js [3ms]
[2022-07-11T13:03:56.646Z] > git show --textconv :frontend/MyList (1).js [13ms]
[2022-07-11T13:03:56.652Z] > git ls-files --stage -- /root/frontend/MyList (1).js [14ms]
[2022-07-11T13:03:56.973Z] > git log --format=%H%n%aN%n%aE%n%at%n%ct%n%P%n%D%n%B -z -n21 -- /root/frontend/FindScreen.js [4ms]
[2022-07-11T13:03:57.200Z] > git show --textconv :frontend/FindScreen.js [11ms]
[2022-07-11T13:03:57.212Z] > git ls-files --stage -- /root/frontend/FindScreen.js [13ms]
[2022-07-11T13:04:43.374Z] > git log --format=%H%n%aN%n%aE%n%at%n%ct%n%P%n%D%n%B -z -n21 -- /root/frontend/FindScreen.js [3ms]
[2022-07-11T13:04:43.977Z] > git ls-files --stage -- /root/frontend/FindScreen.js [16ms]
[2022-07-11T13:04:43.988Z] > git cat-file -s 237f6a1a31c3395b5928ca02bf4051af8de06e2c [2ms]
[2022-07-11T13:04:44.024Z] > git show --textconv :frontend/FindScreen.js [16ms]
[2022-07-11T13:05:08.307Z] > git log --format=%H%n%aN%n%aE%n%at%n%ct%n%P%n%D%n%B -z -n21 -- /root/frontend/FindScreen.js [1ms]
[2022-07-11T13:05:08.834Z] > git ls-files --stage -- /root/frontend/FindScreen.js [18ms]
[2022-07-11T13:05:08.842Z] > git cat-file -s 237f6a1a31c3395b5928ca02bf4051af8de06e2c [1ms]
[2022-07-11T13:05:08.900Z] > git show --textconv :frontend/FindScreen.js [21ms]
[2022-07-11T13:05:32.942Z] > git check-ignore -v -z --stdin [22ms]
