[2022-07-08 07:45:51.028] [exthost] [info] Extension host with pid 17503 started
[2022-07-08 07:45:51.044] [exthost] [info] Lock '/root/.vscode-server/data/User/workspaceStorage/bd208c65b201b934fe3ac87f6b89487c/vscode.lock': Lock acquired.
[2022-07-08 07:45:51.674] [exthost] [info] ExtensionService#_doActivateExtension formulahendry.vscode-mysql, startup: false, activationEvent: 'onView:mysql'
[2022-07-08 07:45:51.737] [exthost] [info] ExtensionService#_doActivateExtension vscode.typescript-language-features, startup: false, activationEvent: 'onLanguage:javascript'
[2022-07-08 07:45:51.781] [exthost] [info] ExtensionService#_doActivateExtension vscode.debug-auto-launch, startup: true, activationEvent: '*'
[2022-07-08 07:45:51.785] [exthost] [info] ExtensionService#_doActivateExtension vscode.git-base, startup: true, activationEvent: '*', root cause: vscode.git
[2022-07-08 07:45:51.789] [exthost] [info] ExtensionService#_doActivateExtension vscode.ipynb, startup: true, activationEvent: '*'
[2022-07-08 07:45:51.804] [exthost] [info] ExtensionService#_doActivateExtension ecmel.vscode-html-css, startup: true, activationEvent: '*'
[2022-07-08 07:45:53.066] [exthost] [info] ExtensionService#_doActivateExtension vscode.git, startup: true, activationEvent: '*'
[2022-07-08 07:45:53.133] [exthost] [info] ExtensionService#_doActivateExtension vscode.github, startup: true, activationEvent: '*'
[2022-07-08 07:45:53.665] [exthost] [info] ExtensionService#_doActivateExtension vscode.emmet, startup: false, activationEvent: 'onStartupFinished'
[2022-07-08 07:45:53.700] [exthost] [info] ExtensionService#_doActivateExtension vscode.merge-conflict, startup: false, activationEvent: 'onStartupFinished'
[2022-07-08 07:45:53.705] [exthost] [info] Eager extensions activated
[2022-07-08 07:46:15.925] [exthost] [info] ExtensionService#_doActivateExtension vscode.configuration-editing, startup: false, activationEvent: 'onLanguage:json'
[2022-07-08 07:46:15.939] [exthost] [info] ExtensionService#_doActivateExtension vscode.extension-editing, startup: false, activationEvent: 'onLanguage:json'
[2022-07-08 07:46:15.966] [exthost] [info] ExtensionService#_doActivateExtension vscode.json-language-features, startup: false, activationEvent: 'onLanguage:json'
[2022-07-08 07:46:16.056] [exthost] [info] ExtensionService#_doActivateExtension vscode.npm, startup: false, activationEvent: 'onLanguage:json'
[2022-07-08 07:46:30.967] [exthost] [info] Extension host terminating: received terminate message from renderer
[2022-07-08 07:46:30.968] [exthost] [info] Lock '/root/.vscode-server/data/User/workspaceStorage/bd208c65b201b934fe3ac87f6b89487c/vscode.lock': Marking the lockfile as scheduled to be released in 6000 ms.
[2022-07-08 07:46:30.994] [exthost] [info] Extension host with pid 17503 exiting with code 0
