[2022-07-09T02:29:03.764Z] Validating found git in: git
[2022-07-09T02:29:03.818Z] Using git 2.17.1 from git
[2022-07-09T02:29:03.867Z] > git rev-parse --show-toplevel [36ms]
[2022-07-09T02:29:03.867Z] fatal: not a git repository (or any of the parent directories): .git
[2022-07-09T02:29:03.878Z] > git rev-parse --show-toplevel [3ms]
[2022-07-09T02:29:03.878Z] fatal: not a git repository (or any of the parent directories): .git
[2022-07-09T02:29:03.899Z] > git rev-parse --show-toplevel [1ms]
[2022-07-09T02:29:03.899Z] fatal: not a git repository (or any of the parent directories): .git
[2022-07-09T02:29:03.910Z] > git rev-parse --show-toplevel [6ms]
[2022-07-09T02:29:03.910Z] fatal: not a git repository (or any of the parent directories): .git
[2022-07-09T02:29:03.922Z] > git rev-parse --show-toplevel [1ms]
[2022-07-09T02:29:03.922Z] fatal: not a git repository (or any of the parent directories): .git
[2022-07-09T02:29:03.936Z] > git rev-parse --show-toplevel [1ms]
[2022-07-09T02:29:03.936Z] fatal: not a git repository (or any of the parent directories): .git
[2022-07-09T02:29:03.948Z] > git rev-parse --show-toplevel [2ms]
[2022-07-09T02:29:03.948Z] fatal: not a git repository (or any of the parent directories): .git
[2022-07-09T02:29:03.955Z] > git rev-parse --show-toplevel [4ms]
[2022-07-09T02:29:03.955Z] fatal: not a git repository (or any of the parent directories): .git
[2022-07-09T02:29:03.960Z] > git rev-parse --show-toplevel [1ms]
[2022-07-09T02:29:03.960Z] fatal: not a git repository (or any of the parent directories): .git
[2022-07-09T02:29:03.968Z] > git rev-parse --show-toplevel [2ms]
[2022-07-09T02:29:03.968Z] fatal: not a git repository (or any of the parent directories): .git
[2022-07-09T02:29:05.481Z] > git rev-parse --show-toplevel [2ms]
[2022-07-09T02:29:05.481Z] fatal: not a git repository (or any of the parent directories): .git
[2022-07-09T02:29:05.556Z] > git rev-parse --show-toplevel [2ms]
[2022-07-09T02:29:05.556Z] fatal: not a git repository (or any of the parent directories): .git
[2022-07-09T02:29:05.594Z] > git rev-parse --show-toplevel [3ms]
[2022-07-09T02:29:05.594Z] fatal: not a git repository (or any of the parent directories): .git
[2022-07-09T02:29:05.602Z] > git rev-parse --show-toplevel [1ms]
[2022-07-09T02:29:05.602Z] fatal: not a git repository (or any of the parent directories): .git
[2022-07-09T02:29:05.634Z] > git rev-parse --show-toplevel [2ms]
[2022-07-09T02:29:05.634Z] fatal: not a git repository (or any of the parent directories): .git
[2022-07-09T02:30:52.034Z] > git rev-parse --show-toplevel [1ms]
[2022-07-09T02:30:52.034Z] fatal: not a git repository (or any of the parent directories): .git
[2022-07-09T02:30:55.590Z] > git rev-parse --show-toplevel [4ms]
[2022-07-09T02:30:55.599Z] > git rev-parse --git-dir --git-common-dir [2ms]
[2022-07-09T02:30:55.610Z] Open repository: /root/itProgerReact
[2022-07-09T02:30:55.624Z] > git status -z -uall [5ms]
[2022-07-09T02:30:55.632Z] > git symbolic-ref --short HEAD [2ms]
[2022-07-09T02:30:55.641Z] > git for-each-ref --format=%(refname)%00%(upstream:short)%00%(objectname)%00%(upstream:track)%00%(upstream:remotename)%00%(upstream:remoteref) refs/heads/master refs/remotes/master [2ms]
[2022-07-09T02:30:55.655Z] > git remote --verbose [2ms]
[2022-07-09T02:30:55.656Z] > git for-each-ref --sort -committerdate --format %(refname) %(objectname) %(*objectname) [9ms]
[2022-07-09T02:30:55.667Z] > git config --get commit.template [1ms]
[2022-07-09T02:30:57.116Z] > git check-ignore -v -z --stdin [1ms]
[2022-07-09T02:30:57.508Z] > git status -z -uall [3ms]
[2022-07-09T02:30:57.516Z] > git symbolic-ref --short HEAD [1ms]
[2022-07-09T02:30:57.524Z] > git for-each-ref --format=%(refname)%00%(upstream:short)%00%(objectname)%00%(upstream:track)%00%(upstream:remotename)%00%(upstream:remoteref) refs/heads/master refs/remotes/master [2ms]
[2022-07-09T02:30:57.539Z] > git for-each-ref --sort -committerdate --format %(refname) %(objectname) %(*objectname) [9ms]
[2022-07-09T02:30:57.539Z] > git remote --verbose [2ms]
[2022-07-09T02:30:57.550Z] > git config --get commit.template [2ms]
[2022-07-09T02:31:02.563Z] > git status -z -uall [4ms]
[2022-07-09T02:31:02.571Z] > git symbolic-ref --short HEAD [1ms]
[2022-07-09T02:31:02.580Z] > git for-each-ref --format=%(refname)%00%(upstream:short)%00%(objectname)%00%(upstream:track)%00%(upstream:remotename)%00%(upstream:remoteref) refs/heads/master refs/remotes/master [2ms]
[2022-07-09T02:31:02.597Z] > git for-each-ref --sort -committerdate --format %(refname) %(objectname) %(*objectname) [11ms]
[2022-07-09T02:31:02.598Z] > git remote --verbose [2ms]
[2022-07-09T02:31:02.609Z] > git config --get commit.template [2ms]
[2022-07-09T02:31:56.595Z] > git status -z -uall [3ms]
[2022-07-09T02:31:56.604Z] > git symbolic-ref --short HEAD [2ms]
[2022-07-09T02:31:56.604Z] fatal: No such ref: HEAD
[2022-07-09T02:31:56.612Z] > git rev-parse HEAD [1ms]
[2022-07-09T02:31:56.612Z] fatal: ambiguous argument 'HEAD': unknown revision or path not in the working tree.
Use '--' to separate paths from revisions, like this:
'git <command> [<revision>...] -- [<file>...]'
[2022-07-09T02:31:56.629Z] > git remote --verbose [2ms]
[2022-07-09T02:31:56.630Z] > git for-each-ref --sort -committerdate --format %(refname) %(objectname) %(*objectname) [11ms]
[2022-07-09T02:31:56.630Z] warning: ignoring broken ref refs/heads/master
[2022-07-09T02:31:56.640Z] > git config --get commit.template [1ms]
[2022-07-09T02:32:19.811Z] > git status -z -uall [3ms]
[2022-07-09T02:32:19.820Z] > git symbolic-ref --short HEAD [2ms]
[2022-07-09T02:32:19.820Z] fatal: No such ref: HEAD
[2022-07-09T02:32:19.836Z] > git rev-parse HEAD [2ms]
[2022-07-09T02:32:19.836Z] fatal: ambiguous argument 'HEAD': unknown revision or path not in the working tree.
Use '--' to separate paths from revisions, like this:
'git <command> [<revision>...] -- [<file>...]'
[2022-07-09T02:32:19.852Z] > git remote --verbose [2ms]
[2022-07-09T02:32:19.852Z] > git for-each-ref --sort -committerdate --format %(refname) %(objectname) %(*objectname) [10ms]
[2022-07-09T02:32:19.852Z] warning: ignoring broken ref refs/heads/master
[2022-07-09T02:32:19.861Z] > git config --get commit.template [1ms]
[2022-07-09T02:33:30.980Z] > git check-ignore -v -z --stdin [2ms]
[2022-07-09T02:33:43.892Z] > git check-ignore -v -z --stdin [2ms]
[2022-07-09T02:33:57.255Z] > git check-ignore -v -z --stdin [1ms]
[2022-07-09T02:34:15.856Z] > git status -z -uall [4ms]
[2022-07-09T02:34:15.865Z] > git symbolic-ref --short HEAD [2ms]
[2022-07-09T02:34:15.872Z] > git for-each-ref --format=%(refname)%00%(upstream:short)%00%(objectname)%00%(upstream:track)%00%(upstream:remotename)%00%(upstream:remoteref) refs/heads/master refs/remotes/master [1ms]
[2022-07-09T02:34:15.888Z] > git remote --verbose [3ms]
[2022-07-09T02:34:15.888Z] > git for-each-ref --sort -committerdate --format %(refname) %(objectname) %(*objectname) [10ms]
[2022-07-09T02:34:15.900Z] > git config --get commit.template [2ms]
[2022-07-09T02:36:03.035Z] > git show --textconv :ServerExample.js [9ms]
[2022-07-09T02:36:03.044Z] > git ls-files --stage -- /root/itProgerReact/ServerExample.js [10ms]
[2022-07-09T02:36:32.128Z] > git status -z -uall [5ms]
[2022-07-09T02:36:32.135Z] > git symbolic-ref --short HEAD [1ms]
[2022-07-09T02:36:32.142Z] > git for-each-ref --format=%(refname)%00%(upstream:short)%00%(objectname)%00%(upstream:track)%00%(upstream:remotename)%00%(upstream:remoteref) refs/heads/master refs/remotes/master [2ms]
[2022-07-09T02:36:32.155Z] > git for-each-ref --sort -committerdate --format %(refname) %(objectname) %(*objectname) [8ms]
[2022-07-09T02:36:32.155Z] > git remote --verbose [1ms]
[2022-07-09T02:36:32.163Z] > git config --get commit.template [2ms]
[2022-07-09T02:36:37.175Z] > git status -z -uall [4ms]
[2022-07-09T02:36:37.183Z] > git symbolic-ref --short HEAD [2ms]
[2022-07-09T02:36:37.191Z] > git for-each-ref --format=%(refname)%00%(upstream:short)%00%(objectname)%00%(upstream:track)%00%(upstream:remotename)%00%(upstream:remoteref) refs/heads/master refs/remotes/master [1ms]
[2022-07-09T02:36:37.206Z] > git for-each-ref --sort -committerdate --format %(refname) %(objectname) %(*objectname) [8ms]
[2022-07-09T02:36:37.207Z] > git remote --verbose [1ms]
[2022-07-09T02:36:37.223Z] > git config --get commit.template [1ms]
[2022-07-09T02:38:43.147Z] > git log --format=%H%n%aN%n%aE%n%at%n%ct%n%P%n%B -z -n21 -- /root/itProgerReact/ServerExample.js [2ms]
[2022-07-09T02:42:59.228Z] > git status -z -uall [4ms]
[2022-07-09T02:42:59.238Z] > git symbolic-ref --short HEAD [2ms]
[2022-07-09T02:42:59.247Z] > git for-each-ref --format=%(refname)%00%(upstream:short)%00%(objectname)%00%(upstream:track)%00%(upstream:remotename)%00%(upstream:remoteref) refs/heads/master refs/remotes/master [2ms]
[2022-07-09T02:42:59.266Z] > git remote --verbose [2ms]
[2022-07-09T02:42:59.267Z] > git for-each-ref --sort -committerdate --format %(refname) %(objectname) %(*objectname) [13ms]
[2022-07-09T02:42:59.278Z] > git config --get commit.template [1ms]
[2022-07-09T02:43:07.579Z] > git log --format=%H%n%aN%n%aE%n%at%n%ct%n%P%n%B -z -n21 -- /root/itProgerReact/ServerExample.js [1ms]
[2022-07-09T02:44:45.497Z] > git status -z -uall [3ms]
[2022-07-09T02:44:45.502Z] > git symbolic-ref --short HEAD [1ms]
[2022-07-09T02:44:45.508Z] > git for-each-ref --format=%(refname)%00%(upstream:short)%00%(objectname)%00%(upstream:track)%00%(upstream:remotename)%00%(upstream:remoteref) refs/heads/master refs/remotes/master [1ms]
[2022-07-09T02:44:45.520Z] > git for-each-ref --sort -committerdate --format %(refname) %(objectname) %(*objectname) [7ms]
[2022-07-09T02:44:45.521Z] > git remote --verbose [2ms]
[2022-07-09T02:44:45.528Z] > git config --get commit.template [1ms]
[2022-07-09T02:44:46.170Z] > git log --format=%H%n%aN%n%aE%n%at%n%ct%n%P%n%B -z -n21 -- /root/itProgerReact/ServerExample.js [2ms]
[2022-07-09T02:47:33.944Z] > git status -z -uall [3ms]
[2022-07-09T02:47:33.952Z] > git symbolic-ref --short HEAD [1ms]
[2022-07-09T02:47:33.960Z] > git for-each-ref --format=%(refname)%00%(upstream:short)%00%(objectname)%00%(upstream:track)%00%(upstream:remotename)%00%(upstream:remoteref) refs/heads/master refs/remotes/master [1ms]
[2022-07-09T02:47:33.978Z] > git for-each-ref --sort -committerdate --format %(refname) %(objectname) %(*objectname) [12ms]
[2022-07-09T02:47:33.979Z] > git remote --verbose [2ms]
[2022-07-09T02:47:33.988Z] > git config --get commit.template [1ms]
[2022-07-09T02:47:34.047Z] > git check-ignore -v -z --stdin [3ms]
[2022-07-09T02:47:34.503Z] > git log --format=%H%n%aN%n%aE%n%at%n%ct%n%P%n%B -z -n21 -- /root/itProgerReact/ServerExample.js [2ms]
[2022-07-09T02:48:43.493Z] > git status -z -uall [4ms]
[2022-07-09T02:48:43.500Z] > git symbolic-ref --short HEAD [2ms]
[2022-07-09T02:48:43.506Z] > git for-each-ref --format=%(refname)%00%(upstream:short)%00%(objectname)%00%(upstream:track)%00%(upstream:remotename)%00%(upstream:remoteref) refs/heads/master refs/remotes/master [1ms]
[2022-07-09T02:48:43.518Z] > git for-each-ref --sort -committerdate --format %(refname) %(objectname) %(*objectname) [7ms]
[2022-07-09T02:48:43.519Z] > git remote --verbose [2ms]
[2022-07-09T02:48:43.525Z] > git config --get commit.template [1ms]
[2022-07-09T02:48:44.048Z] > git log --format=%H%n%aN%n%aE%n%at%n%ct%n%P%n%B -z -n21 -- /root/itProgerReact/ServerExample.js [3ms]
[2022-07-09T02:49:39.084Z] > git log --format=%H%n%aN%n%aE%n%at%n%ct%n%P%n%B -z -n21 -- /root/itProgerReact/app.json [11ms]
[2022-07-09T02:49:39.465Z] > git show --textconv :app.json [15ms]
[2022-07-09T02:49:39.465Z] > git ls-files --stage -- /root/itProgerReact/app.json [1ms]
[2022-07-09T02:49:39.472Z] > git cat-file -s e2d769e0e86e20895fbe6fa096081c538993aaaf [2ms]
[2022-07-09T02:49:55.420Z] > git rev-parse --show-toplevel [2ms]
[2022-07-09T02:49:55.420Z] fatal: not a git repository (or any of the parent directories): .git
[2022-07-09T02:50:08.144Z] > git log --format=%H%n%aN%n%aE%n%at%n%ct%n%P%n%B -z -n21 -- /root/itProgerReact/app.json [3ms]
[2022-07-09T02:50:08.510Z] > git show --textconv :app.json [13ms]
[2022-07-09T02:50:08.517Z] > git ls-files --stage -- /root/itProgerReact/app.json [8ms]
[2022-07-09T02:50:08.525Z] > git cat-file -s e2d769e0e86e20895fbe6fa096081c538993aaaf [1ms]
[2022-07-09T02:50:39.140Z] > git log --format=%H%n%aN%n%aE%n%at%n%ct%n%P%n%B -z -n21 -- /root/itProgerReact/npm-debug.log [3ms]
[2022-07-09T02:50:39.602Z] > git show --textconv :npm-debug.log [14ms]
[2022-07-09T02:50:39.603Z] > git ls-files --stage -- /root/itProgerReact/npm-debug.log [2ms]
[2022-07-09T02:50:53.295Z] > git log --format=%H%n%aN%n%aE%n%at%n%ct%n%P%n%B -z -n21 -- /root/itProgerReact/App.js [3ms]
[2022-07-09T02:50:53.547Z] > git show --textconv :App.js [9ms]
[2022-07-09T02:50:53.548Z] > git ls-files --stage -- /root/itProgerReact/App.js [1ms]
[2022-07-09T02:50:53.556Z] > git cat-file -s 4c5d2ae7ab2e69c763a9380004462549fc31f6ca [1ms]
[2022-07-09T02:50:53.633Z] > git log --format=%H%n%aN%n%aE%n%at%n%ct%n%P%n%B -z -n21 -- /root/itProgerReact/app.json [4ms]
[2022-07-09T02:50:53.874Z] > git show --textconv :app.json [9ms]
[2022-07-09T02:50:53.875Z] > git ls-files --stage -- /root/itProgerReact/app.json [1ms]
[2022-07-09T02:50:53.883Z] > git cat-file -s e2d769e0e86e20895fbe6fa096081c538993aaaf [2ms]
[2022-07-09T02:51:11.804Z] > git status -z -uall [3ms]
[2022-07-09T02:51:11.812Z] > git symbolic-ref --short HEAD [1ms]
[2022-07-09T02:51:11.821Z] > git for-each-ref --format=%(refname)%00%(upstream:short)%00%(objectname)%00%(upstream:track)%00%(upstream:remotename)%00%(upstream:remoteref) refs/heads/master refs/remotes/master [2ms]
[2022-07-09T02:51:11.835Z] > git for-each-ref --sort -committerdate --format %(refname) %(objectname) %(*objectname) [8ms]
[2022-07-09T02:51:11.836Z] > git remote --verbose [2ms]
[2022-07-09T02:51:11.847Z] > git config --get commit.template [2ms]
[2022-07-09T02:51:12.379Z] > git rev-list --count 6b1fbf5dc3fa80fa03cfe2dc08918bb3a9227694.. -- /root/itProgerReact/app.json [1ms]
[2022-07-09T02:51:12.389Z] > git log --format=%H%n%aN%n%aE%n%at%n%ct%n%P%n%B -z -n2 -- /root/itProgerReact/app.json [2ms]
[2022-07-09T02:51:24.087Z] > git status -z -uall [4ms]
[2022-07-09T02:51:24.096Z] > git symbolic-ref --short HEAD [2ms]
[2022-07-09T02:51:24.104Z] > git for-each-ref --format=%(refname)%00%(upstream:short)%00%(objectname)%00%(upstream:track)%00%(upstream:remotename)%00%(upstream:remoteref) refs/heads/master refs/remotes/master [2ms]
[2022-07-09T02:51:24.121Z] > git for-each-ref --sort -committerdate --format %(refname) %(objectname) %(*objectname) [11ms]
[2022-07-09T02:51:24.122Z] > git remote --verbose [2ms]
[2022-07-09T02:51:24.133Z] > git config --get commit.template [3ms]
[2022-07-09T02:51:24.657Z] > git rev-list --count 6b1fbf5dc3fa80fa03cfe2dc08918bb3a9227694.. -- /root/itProgerReact/app.json [3ms]
[2022-07-09T02:51:24.666Z] > git log --format=%H%n%aN%n%aE%n%at%n%ct%n%P%n%B -z -n2 -- /root/itProgerReact/app.json [2ms]
[2022-07-09T02:51:36.017Z] > git status -z -uall [7ms]
[2022-07-09T02:51:36.038Z] > git symbolic-ref --short HEAD [7ms]
[2022-07-09T02:51:36.048Z] > git for-each-ref --format=%(refname)%00%(upstream:short)%00%(objectname)%00%(upstream:track)%00%(upstream:remotename)%00%(upstream:remoteref) refs/heads/master refs/remotes/master [2ms]
[2022-07-09T02:51:36.065Z] > git for-each-ref --sort -committerdate --format %(refname) %(objectname) %(*objectname) [11ms]
[2022-07-09T02:51:36.066Z] > git remote --verbose [2ms]
[2022-07-09T02:51:36.075Z] > git config --get commit.template [1ms]
[2022-07-09T02:51:36.609Z] > git rev-list --count 6b1fbf5dc3fa80fa03cfe2dc08918bb3a9227694.. -- /root/itProgerReact/app.json [3ms]
[2022-07-09T02:51:36.619Z] > git log --format=%H%n%aN%n%aE%n%at%n%ct%n%P%n%B -z -n2 -- /root/itProgerReact/app.json [2ms]
[2022-07-09T02:51:38.865Z] > git check-ignore -v -z --stdin [1ms]
[2022-07-09T02:51:43.690Z] > git check-ignore -v -z --stdin [3ms]
[2022-07-09T02:51:44.332Z] > git check-ignore -v -z --stdin [1ms]
[2022-07-09T02:51:45.275Z] > git check-ignore -v -z --stdin [0ms]
[2022-07-09T02:51:47.863Z] > git check-ignore -v -z --stdin [2ms]
[2022-07-09T02:51:50.253Z] > git check-ignore -v -z --stdin [1ms]
[2022-07-09T02:51:50.899Z] > git check-ignore -v -z --stdin [2ms]
[2022-07-09T02:51:52.976Z] > git check-ignore -v -z --stdin [2ms]
[2022-07-09T02:51:53.699Z] > git check-ignore -v -z --stdin [1ms]
[2022-07-09T02:51:54.735Z] > git log --format=%H%n%aN%n%aE%n%at%n%ct%n%P%n%B -z -n21 -- /root/itProgerReact/node_modules/expo/AppEntry.js [1ms]
[2022-07-09T02:51:54.997Z] > git show --textconv :node_modules/expo/AppEntry.js [8ms]
[2022-07-09T02:51:54.998Z] > git ls-files --stage -- /root/itProgerReact/node_modules/expo/AppEntry.js [1ms]
[2022-07-09T02:52:05.803Z] > git check-ignore -v -z --stdin [1ms]
[2022-07-09T02:52:09.348Z] > git log --format=%H%n%aN%n%aE%n%at%n%ct%n%P%n%B -z -n21 -- /root/itProgerReact/app.json [5ms]
[2022-07-09T02:52:09.548Z] > git show --textconv :app.json [17ms]
[2022-07-09T02:52:09.549Z] > git ls-files --stage -- /root/itProgerReact/app.json [2ms]
[2022-07-09T02:52:09.557Z] > git cat-file -s e2d769e0e86e20895fbe6fa096081c538993aaaf [2ms]
[2022-07-09T02:52:20.829Z] > git log --format=%H%n%aN%n%aE%n%at%n%ct%n%P%n%B -z -n21 -- /root/itProgerReact/babel.config.js [3ms]
[2022-07-09T02:52:21.096Z] > git show --textconv :babel.config.js [11ms]
[2022-07-09T02:52:21.097Z] > git ls-files --stage -- /root/itProgerReact/babel.config.js [2ms]
[2022-07-09T02:52:21.106Z] > git cat-file -s 2900afe9d85a54cf9552ec0b4107665c5c10e078 [3ms]
[2022-07-09T02:52:22.137Z] > git log --format=%H%n%aN%n%aE%n%at%n%ct%n%P%n%B -z -n21 -- /root/itProgerReact/app.json [5ms]
[2022-07-09T02:52:22.433Z] > git show --textconv :app.json [12ms]
[2022-07-09T02:52:22.434Z] > git ls-files --stage -- /root/itProgerReact/app.json [2ms]
[2022-07-09T02:52:22.442Z] > git cat-file -s e2d769e0e86e20895fbe6fa096081c538993aaaf [2ms]
