[2022-07-08 07:48:34.908] [exthost] [info] Extension host with pid 17948 started
[2022-07-08 07:48:34.924] [exthost] [info] Lock '/root/.vscode-server/data/User/workspaceStorage/bd208c65b201b934fe3ac87f6b89487c/vscode.lock': Lock acquired.
[2022-07-08 07:48:35.791] [exthost] [info] ExtensionService#_doActivateExtension formulahendry.vscode-mysql, startup: false, activationEvent: 'onView:mysql'
[2022-07-08 07:48:35.861] [exthost] [info] ExtensionService#_doActivateExtension vscode.debug-auto-launch, startup: true, activationEvent: '*'
[2022-07-08 07:48:35.865] [exthost] [info] ExtensionService#_doActivateExtension vscode.git-base, startup: true, activationEvent: '*', root cause: vscode.git
[2022-07-08 07:48:35.869] [exthost] [info] ExtensionService#_doActivateExtension vscode.ipynb, startup: true, activationEvent: '*'
[2022-07-08 07:48:35.884] [exthost] [info] ExtensionService#_doActivateExtension ecmel.vscode-html-css, startup: true, activationEvent: '*'
[2022-07-08 07:48:37.603] [exthost] [info] ExtensionService#_doActivateExtension vscode.git, startup: true, activationEvent: '*'
[2022-07-08 07:48:37.734] [exthost] [info] ExtensionService#_doActivateExtension vscode.github, startup: true, activationEvent: '*'
[2022-07-08 07:48:38.213] [exthost] [info] ExtensionService#_doActivateExtension vscode.emmet, startup: false, activationEvent: 'onStartupFinished'
[2022-07-08 07:48:38.236] [exthost] [info] ExtensionService#_doActivateExtension vscode.merge-conflict, startup: false, activationEvent: 'onStartupFinished'
[2022-07-08 07:48:38.241] [exthost] [info] Eager extensions activated
[2022-07-08 08:06:50.470] [exthost] [info] ExtensionService#_doActivateExtension vscode.typescript-language-features, startup: false, activationEvent: 'onLanguage:javascript'
[2022-07-08 08:06:54.918] [exthost] [info] ExtensionService#_doActivateExtension vscode.configuration-editing, startup: false, activationEvent: 'onLanguage:json'
[2022-07-08 08:06:54.931] [exthost] [info] ExtensionService#_doActivateExtension vscode.extension-editing, startup: false, activationEvent: 'onLanguage:json'
[2022-07-08 08:06:54.958] [exthost] [info] ExtensionService#_doActivateExtension vscode.json-language-features, startup: false, activationEvent: 'onLanguage:json'
[2022-07-08 08:06:55.056] [exthost] [info] ExtensionService#_doActivateExtension vscode.npm, startup: false, activationEvent: 'onLanguage:json'
[2022-07-08 08:18:47.868] [exthost] [info] ExtensionService#_doActivateExtension vscode.html-language-features, startup: false, activationEvent: 'onLanguage:html'
[2022-07-08 11:47:43.555] [exthost] [info] Extension host terminating: renderer disconnected for too long (2)
[2022-07-08 11:47:43.556] [exthost] [info] Lock '/root/.vscode-server/data/User/workspaceStorage/bd208c65b201b934fe3ac87f6b89487c/vscode.lock': Marking the lockfile as scheduled to be released in 6000 ms.
[2022-07-08 11:47:43.584] [exthost] [info] Extension host with pid 17948 exiting with code 0
