[2022-07-09T02:54:03.670Z] Validating found git in: git
[2022-07-09T02:54:03.732Z] Using git 2.17.1 from git
[2022-07-09T02:54:03.783Z] > git rev-parse --show-toplevel [36ms]
[2022-07-09T02:54:03.783Z] fatal: not a git repository (or any of the parent directories): .git
[2022-07-09T02:54:03.795Z] > git rev-parse --show-toplevel [2ms]
[2022-07-09T02:54:03.804Z] > git rev-parse --git-dir --git-common-dir [3ms]
[2022-07-09T02:54:03.812Z] Open repository: /root/itProgerReact
[2022-07-09T02:54:03.826Z] > git status -z -uall [6ms]
[2022-07-09T02:54:03.834Z] > git rev-parse --show-toplevel [9ms]
[2022-07-09T02:54:03.834Z] fatal: not a git repository (or any of the parent directories): .git
[2022-07-09T02:54:03.840Z] > git rev-parse --show-toplevel [2ms]
[2022-07-09T02:54:03.840Z] fatal: not a git repository (or any of the parent directories): .git
[2022-07-09T02:54:03.843Z] > git symbolic-ref --short HEAD [12ms]
[2022-07-09T02:54:03.848Z] > git rev-parse --show-toplevel [5ms]
[2022-07-09T02:54:03.848Z] fatal: not a git repository (or any of the parent directories): .git
[2022-07-09T02:54:03.854Z] > git for-each-ref --format=%(refname)%00%(upstream:short)%00%(objectname)%00%(upstream:track)%00%(upstream:remotename)%00%(upstream:remoteref) refs/heads/master refs/remotes/master [7ms]
[2022-07-09T02:54:03.868Z] > git remote --verbose [2ms]
[2022-07-09T02:54:03.868Z] > git for-each-ref --sort -committerdate --format %(refname) %(objectname) %(*objectname) [8ms]
[2022-07-09T02:54:03.872Z] > git rev-parse --show-toplevel [19ms]
[2022-07-09T02:54:03.872Z] fatal: not a git repository (or any of the parent directories): .git
[2022-07-09T02:54:03.884Z] > git config --get commit.template [2ms]
[2022-07-09T02:54:03.885Z] > git rev-parse --show-toplevel [9ms]
[2022-07-09T02:54:03.885Z] fatal: not a git repository (or any of the parent directories): .git
[2022-07-09T02:54:03.892Z] > git rev-parse --show-toplevel [2ms]
[2022-07-09T02:54:03.892Z] fatal: not a git repository (or any of the parent directories): .git
[2022-07-09T02:54:03.898Z] > git rev-parse --show-toplevel [2ms]
[2022-07-09T02:54:03.898Z] fatal: not a git repository (or any of the parent directories): .git
[2022-07-09T02:54:03.902Z] > git rev-parse --show-toplevel [1ms]
[2022-07-09T02:54:03.902Z] fatal: not a git repository (or any of the parent directories): .git
[2022-07-09T02:54:05.552Z] > git check-ignore -v -z --stdin [1ms]
[2022-07-09T02:54:06.687Z] > git show --textconv :app.json [18ms]
[2022-07-09T02:54:06.689Z] > git ls-files --stage -- /root/itProgerReact/app.json [3ms]
[2022-07-09T02:54:06.698Z] > git cat-file -s e2d769e0e86e20895fbe6fa096081c538993aaaf [3ms]
[2022-07-09T02:54:06.710Z] > git log --format=%H%n%aN%n%aE%n%at%n%ct%n%P%n%B -z -n21 -- /root/itProgerReact/app.json [1ms]
[2022-07-09T02:54:08.234Z] > git rev-parse --show-toplevel [1ms]
[2022-07-09T02:54:08.234Z] fatal: not a git repository (or any of the parent directories): .git
[2022-07-09T02:54:08.662Z] > git rev-parse --show-toplevel [2ms]
[2022-07-09T02:54:08.662Z] fatal: not a git repository (or any of the parent directories): .git
[2022-07-09T02:54:08.690Z] > git rev-parse --show-toplevel [2ms]
[2022-07-09T02:54:08.690Z] fatal: not a git repository (or any of the parent directories): .git
[2022-07-09T02:54:08.700Z] > git rev-parse --show-toplevel [3ms]
[2022-07-09T02:54:08.700Z] fatal: not a git repository (or any of the parent directories): .git
[2022-07-09T02:54:18.942Z] > git check-ignore -v -z --stdin [2ms]
[2022-07-09T02:54:20.041Z] > git log --format=%H%n%aN%n%aE%n%at%n%ct%n%P%n%B -z -n21 -- /root/itProgerReact/package.json [5ms]
[2022-07-09T02:54:20.357Z] > git show --textconv :package.json [8ms]
[2022-07-09T02:54:20.358Z] > git ls-files --stage -- /root/itProgerReact/package.json [2ms]
[2022-07-09T02:54:20.365Z] > git cat-file -s 15d6c61b57ec3f35d608284d338a23082960056d [2ms]
[2022-07-09T03:03:03.475Z] > git log --format=%H%n%aN%n%aE%n%at%n%ct%n%P%n%B -z -n21 -- /root/itProgerReact/package-lock.json [2ms]
[2022-07-09T03:03:03.627Z] > git ls-files --stage -- /root/itProgerReact/package-lock.json [1ms]
[2022-07-09T03:03:03.634Z] > git cat-file -s c04183d2e92e6ed5a189335d2147a9e26869ad4f [2ms]
[2022-07-09T03:03:03.640Z] > git show --textconv :package-lock.json [19ms]
[2022-07-09T03:03:46.286Z] > git check-ignore -v -z --stdin [3ms]
[2022-07-09T03:04:06.539Z] > git rev-parse --show-toplevel [3ms]
[2022-07-09T03:04:06.539Z] fatal: not a git repository (or any of the parent directories): .git
[2022-07-09T04:19:34.028Z] > git rev-parse --show-toplevel [2ms]
[2022-07-09T04:19:34.028Z] fatal: not a git repository (or any of the parent directories): .git
[2022-07-09T04:19:34.082Z] > git rev-parse --show-toplevel [6ms]
[2022-07-09T04:19:34.082Z] fatal: not a git repository (or any of the parent directories): .git
[2022-07-09T04:20:47.235Z] > git log --format=%H%n%aN%n%aE%n%at%n%ct%n%P%n%B -z -n21 -- /root/itProgerReact/App.js [63ms]
[2022-07-09T04:20:49.115Z] > git show --textconv :App.js [8ms]
[2022-07-09T04:20:49.115Z] > git ls-files --stage -- /root/itProgerReact/App.js [1ms]
[2022-07-09T04:20:49.126Z] > git cat-file -s 4c5d2ae7ab2e69c763a9380004462549fc31f6ca [4ms]
[2022-07-09T04:25:48.333Z] > git log --format=%H%n%aN%n%aE%n%at%n%ct%n%P%n%B -z -n21 -- /root/itProgerReact/package.json [10ms]
[2022-07-09T04:25:48.629Z] > git show --textconv :package.json [8ms]
[2022-07-09T04:25:48.630Z] > git ls-files --stage -- /root/itProgerReact/package.json [2ms]
[2022-07-09T04:25:48.637Z] > git cat-file -s 15d6c61b57ec3f35d608284d338a23082960056d [2ms]
[2022-07-09T04:32:15.495Z] > git check-ignore -v -z --stdin [2ms]
[2022-07-09T04:33:14.742Z] > git log --format=%H%n%aN%n%aE%n%at%n%ct%n%P%n%B -z -n21 -- /root/itProgerReact/ServerExample.js [5ms]
[2022-07-09T04:33:14.979Z] > git show --textconv :ServerExample.js [8ms]
[2022-07-09T04:33:14.979Z] > git ls-files --stage -- /root/itProgerReact/ServerExample.js [2ms]
[2022-07-09T04:53:35.145Z] > git log --format=%H%n%aN%n%aE%n%at%n%ct%n%P%n%B -z -n21 -- /root/itProgerReact/index.js [15ms]
[2022-07-09T04:53:35.390Z] > git show --textconv :index.js [8ms]
[2022-07-09T04:53:35.391Z] > git ls-files --stage -- /root/itProgerReact/index.js [2ms]
[2022-07-09T04:53:37.144Z] > git log --format=%H%n%aN%n%aE%n%at%n%ct%n%P%n%B -z -n21 -- /root/itProgerReact/App.js [4ms]
[2022-07-09T04:53:37.373Z] > git show --textconv :App.js [9ms]
[2022-07-09T04:53:37.376Z] > git ls-files --stage -- /root/itProgerReact/App.js [3ms]
[2022-07-09T04:53:37.384Z] > git cat-file -s 4c5d2ae7ab2e69c763a9380004462549fc31f6ca [2ms]
[2022-07-09T04:53:46.395Z] > git log --format=%H%n%aN%n%aE%n%at%n%ct%n%P%n%B -z -n21 -- /root/itProgerReact/app.json [6ms]
[2022-07-09T04:53:46.600Z] > git show --textconv :app.json [9ms]
[2022-07-09T04:53:46.601Z] > git ls-files --stage -- /root/itProgerReact/app.json [1ms]
[2022-07-09T04:53:46.609Z] > git cat-file -s e2d769e0e86e20895fbe6fa096081c538993aaaf [1ms]
[2022-07-09T04:53:47.340Z] > git log --format=%H%n%aN%n%aE%n%at%n%ct%n%P%n%B -z -n21 -- /root/itProgerReact/App.js [2ms]
[2022-07-09T04:53:47.591Z] > git show --textconv :App.js [12ms]
[2022-07-09T04:53:47.594Z] > git ls-files --stage -- /root/itProgerReact/App.js [4ms]
[2022-07-09T04:53:47.601Z] > git cat-file -s 4c5d2ae7ab2e69c763a9380004462549fc31f6ca [1ms]
[2022-07-09T04:54:32.516Z] > git log --format=%H%n%aN%n%aE%n%at%n%ct%n%P%n%B -z -n21 -- /root/itProgerReact/index.js [2ms]
[2022-07-09T04:54:32.733Z] > git show --textconv :index.js [13ms]
[2022-07-09T04:54:32.734Z] > git ls-files --stage -- /root/itProgerReact/index.js [2ms]
[2022-07-09T04:54:34.483Z] > git log --format=%H%n%aN%n%aE%n%at%n%ct%n%P%n%B -z -n21 -- /root/itProgerReact/package.json [0ms]
[2022-07-09T04:54:34.745Z] > git show --textconv :package.json [8ms]
[2022-07-09T04:54:34.746Z] > git ls-files --stage -- /root/itProgerReact/package.json [2ms]
[2022-07-09T04:54:34.754Z] > git cat-file -s 15d6c61b57ec3f35d608284d338a23082960056d [2ms]
[2022-07-09T04:54:35.437Z] > git log --format=%H%n%aN%n%aE%n%at%n%ct%n%P%n%B -z -n21 -- /root/itProgerReact/ServerExample.js [4ms]
[2022-07-09T04:54:35.757Z] > git show --textconv :ServerExample.js [12ms]
[2022-07-09T04:54:35.758Z] > git ls-files --stage -- /root/itProgerReact/ServerExample.js [2ms]
[2022-07-09T04:54:48.442Z] > git log --format=%H%n%aN%n%aE%n%at%n%ct%n%P%n%B -z -n21 -- /root/itProgerReact/App.js [3ms]
[2022-07-09T04:54:48.646Z] > git show --textconv :App.js [12ms]
[2022-07-09T04:54:48.646Z] > git ls-files --stage -- /root/itProgerReact/App.js [2ms]
[2022-07-09T04:54:48.655Z] > git cat-file -s 4c5d2ae7ab2e69c763a9380004462549fc31f6ca [2ms]
[2022-07-09T05:02:05.504Z] > git log --format=%H%n%aN%n%aE%n%at%n%ct%n%P%n%B -z -n21 -- /root/itProgerReact/ServerExample.js [26ms]
[2022-07-09T05:02:05.672Z] > git show --textconv :ServerExample.js [10ms]
[2022-07-09T05:02:05.673Z] > git ls-files --stage -- /root/itProgerReact/ServerExample.js [2ms]
[2022-07-09T05:02:30.659Z] > git check-ignore -v -z --stdin [4ms]
[2022-07-09T05:02:33.912Z] > git check-ignore -v -z --stdin [2ms]
[2022-07-09T05:02:38.427Z] > git check-ignore -v -z --stdin [2ms]
[2022-07-09T05:02:44.140Z] > git log --format=%H%n%aN%n%aE%n%at%n%ct%n%P%n%B -z -n21 -- /root/itProgerReact/app.json [3ms]
[2022-07-09T05:02:44.313Z] > git show --textconv :app.json [7ms]
[2022-07-09T05:02:44.314Z] > git ls-files --stage -- /root/itProgerReact/app.json [2ms]
[2022-07-09T05:02:44.322Z] > git cat-file -s e2d769e0e86e20895fbe6fa096081c538993aaaf [1ms]
[2022-07-09T05:02:47.627Z] > git rev-parse --show-toplevel [4ms]
[2022-07-09T05:02:47.627Z] fatal: not a git repository (or any of the parent directories): .git
[2022-07-09T05:03:00.719Z] > git log --format=%H%n%aN%n%aE%n%at%n%ct%n%P%n%B -z -n21 -- /root/itProgerReact/ServerExample.js [5ms]
[2022-07-09T05:03:00.960Z] > git show --textconv :ServerExample.js [7ms]
[2022-07-09T05:03:00.961Z] > git ls-files --stage -- /root/itProgerReact/ServerExample.js [1ms]
[2022-07-09T05:03:10.372Z] > git log --format=%H%n%aN%n%aE%n%at%n%ct%n%P%n%B -z -n21 -- /root/itProgerReact/package.json [1ms]
[2022-07-09T05:03:10.684Z] > git show --textconv :package.json [8ms]
[2022-07-09T05:03:10.686Z] > git ls-files --stage -- /root/itProgerReact/package.json [2ms]
[2022-07-09T05:03:10.693Z] > git cat-file -s 15d6c61b57ec3f35d608284d338a23082960056d [2ms]
[2022-07-09T05:03:47.872Z] > git check-ignore -v -z --stdin [2ms]
[2022-07-09T05:03:48.869Z] > git log --format=%H%n%aN%n%aE%n%at%n%ct%n%P%n%B -z -n21 -- /root/itProgerReact/node_modules/expo/AppEntry.js [3ms]
[2022-07-09T05:03:49.153Z] > git show --textconv :node_modules/expo/AppEntry.js [9ms]
[2022-07-09T05:03:49.155Z] > git ls-files --stage -- /root/itProgerReact/node_modules/expo/AppEntry.js [3ms]
[2022-07-09T05:03:58.989Z] > git check-ignore -v -z --stdin [3ms]
[2022-07-09T05:03:59.732Z] > git check-ignore -v -z --stdin [2ms]
[2022-07-09T05:04:00.969Z] > git check-ignore -v -z --stdin [2ms]
[2022-07-09T05:04:02.196Z] > git log --format=%H%n%aN%n%aE%n%at%n%ct%n%P%n%B -z -n21 -- /root/itProgerReact/index.js [3ms]
[2022-07-09T05:04:02.397Z] > git show --textconv :index.js [7ms]
[2022-07-09T05:04:02.399Z] > git ls-files --stage -- /root/itProgerReact/index.js [3ms]
[2022-07-09T05:04:09.399Z] > git rev-parse --show-toplevel [3ms]
[2022-07-09T05:04:09.399Z] fatal: not a git repository (or any of the parent directories): .git
[2022-07-09T05:04:10.913Z] > git log --format=%H%n%aN%n%aE%n%at%n%ct%n%P%n%B -z -n21 -- /root/itProgerReact/node_modules/expo/AppEntry.js [2ms]
[2022-07-09T05:04:11.142Z] > git show --textconv :node_modules/expo/AppEntry.js [14ms]
[2022-07-09T05:04:11.143Z] > git ls-files --stage -- /root/itProgerReact/node_modules/expo/AppEntry.js [1ms]
[2022-07-09T05:04:43.670Z] > git log --format=%H%n%aN%n%aE%n%at%n%ct%n%P%n%B -z -n21 -- /root/itProgerReact/package.json [2ms]
[2022-07-09T05:04:43.908Z] > git show --textconv :package.json [9ms]
[2022-07-09T05:04:43.909Z] > git ls-files --stage -- /root/itProgerReact/package.json [2ms]
[2022-07-09T05:04:43.917Z] > git cat-file -s 15d6c61b57ec3f35d608284d338a23082960056d [2ms]
[2022-07-09T05:04:59.105Z] > git log --format=%H%n%aN%n%aE%n%at%n%ct%n%P%n%B -z -n21 -- /root/itProgerReact/index.js [5ms]
[2022-07-09T05:04:59.312Z] > git show --textconv :index.js [6ms]
[2022-07-09T05:04:59.312Z] > git ls-files --stage -- /root/itProgerReact/index.js [1ms]
[2022-07-09T05:05:00.722Z] > git log --format=%H%n%aN%n%aE%n%at%n%ct%n%P%n%B -z -n21 -- /root/itProgerReact/ServerExample.js [3ms]
[2022-07-09T05:05:01.097Z] > git show --textconv :ServerExample.js [13ms]
[2022-07-09T05:05:01.098Z] > git ls-files --stage -- /root/itProgerReact/ServerExample.js [2ms]
[2022-07-09T05:06:51.081Z] > git log --format=%H%n%aN%n%aE%n%at%n%ct%n%P%n%B -z -n21 -- /root/itProgerReact/index.js [4ms]
[2022-07-09T05:06:51.309Z] > git show --textconv :index.js [12ms]
[2022-07-09T05:06:51.310Z] > git ls-files --stage -- /root/itProgerReact/index.js [2ms]
[2022-07-09T05:06:51.505Z] > git log --format=%H%n%aN%n%aE%n%at%n%ct%n%P%n%B -z -n21 -- /root/itProgerReact/package.json [2ms]
[2022-07-09T05:06:51.764Z] > git show --textconv :package.json [25ms]
[2022-07-09T05:06:51.765Z] > git ls-files --stage -- /root/itProgerReact/package.json [10ms]
[2022-07-09T05:06:51.778Z] > git cat-file -s 15d6c61b57ec3f35d608284d338a23082960056d [2ms]
[2022-07-09T05:07:26.870Z] > git rev-parse --show-toplevel [1ms]
[2022-07-09T05:07:26.870Z] fatal: not a git repository (or any of the parent directories): .git
[2022-07-09T05:07:55.454Z] > git log --format=%H%n%aN%n%aE%n%at%n%ct%n%P%n%B -z -n21 -- /root/itProgerReact/package.json [1ms]
[2022-07-09T05:07:55.922Z] > git show --textconv :package.json [13ms]
[2022-07-09T05:07:55.924Z] > git ls-files --stage -- /root/itProgerReact/package.json [3ms]
[2022-07-09T05:07:55.933Z] > git cat-file -s 15d6c61b57ec3f35d608284d338a23082960056d [2ms]
[2022-07-09T05:08:43.471Z] > git check-ignore -v -z --stdin [2ms]
[2022-07-09T05:10:05.929Z] > git log --format=%H%n%aN%n%aE%n%at%n%ct%n%P%n%B -z -n21 -- /root/itProgerReact/node_modules/expo/AppEntry.js [5ms]
[2022-07-09T05:10:06.283Z] > git show --textconv :node_modules/expo/AppEntry.js [6ms]
[2022-07-09T05:10:06.284Z] > git ls-files --stage -- /root/itProgerReact/node_modules/expo/AppEntry.js [2ms]
[2022-07-09T05:10:18.223Z] > git log --format=%H%n%aN%n%aE%n%at%n%ct%n%P%n%B -z -n21 -- /root/itProgerReact/index.js [5ms]
[2022-07-09T05:10:18.421Z] > git show --textconv :index.js [6ms]
[2022-07-09T05:10:18.422Z] > git ls-files --stage -- /root/itProgerReact/index.js [1ms]
[2022-07-09T05:10:18.727Z] > git log --format=%H%n%aN%n%aE%n%at%n%ct%n%P%n%B -z -n21 -- /root/itProgerReact/ServerExample.js [3ms]
[2022-07-09T05:10:18.907Z] > git show --textconv :ServerExample.js [6ms]
[2022-07-09T05:10:18.908Z] > git ls-files --stage -- /root/itProgerReact/ServerExample.js [1ms]
[2022-07-09T05:10:25.285Z] > git log --format=%H%n%aN%n%aE%n%at%n%ct%n%P%n%B -z -n21 -- /root/itProgerReact/index.js [5ms]
[2022-07-09T05:10:25.538Z] > git show --textconv :index.js [12ms]
[2022-07-09T05:10:25.539Z] > git ls-files --stage -- /root/itProgerReact/index.js [2ms]
[2022-07-09T05:10:26.836Z] > git log --format=%H%n%aN%n%aE%n%at%n%ct%n%P%n%B -z -n21 -- /root/itProgerReact/package.json [7ms]
[2022-07-09T05:10:27.069Z] > git show --textconv :package.json [12ms]
[2022-07-09T05:10:27.070Z] > git ls-files --stage -- /root/itProgerReact/package.json [2ms]
[2022-07-09T05:10:27.078Z] > git cat-file -s 15d6c61b57ec3f35d608284d338a23082960056d [1ms]
[2022-07-09T05:10:28.158Z] > git log --format=%H%n%aN%n%aE%n%at%n%ct%n%P%n%B -z -n21 -- /root/itProgerReact/app.json [8ms]
[2022-07-09T05:10:28.508Z] > git show --textconv :app.json [5ms]
[2022-07-09T05:10:28.509Z] > git ls-files --stage -- /root/itProgerReact/app.json [1ms]
[2022-07-09T05:10:28.514Z] > git cat-file -s e2d769e0e86e20895fbe6fa096081c538993aaaf [1ms]
[2022-07-09T05:10:28.926Z] > git rev-parse --show-toplevel [2ms]
[2022-07-09T05:10:28.926Z] fatal: not a git repository (or any of the parent directories): .git
[2022-07-09T05:10:30.139Z] > git log --format=%H%n%aN%n%aE%n%at%n%ct%n%P%n%B -z -n21 -- /root/itProgerReact/node_modules/expo/AppEntry.js [5ms]
[2022-07-09T05:10:30.402Z] > git show --textconv :node_modules/expo/AppEntry.js [8ms]
[2022-07-09T05:10:30.404Z] > git ls-files --stage -- /root/itProgerReact/node_modules/expo/AppEntry.js [3ms]
[2022-07-09T05:11:03.054Z] > git log --format=%H%n%aN%n%aE%n%at%n%ct%n%P%n%B -z -n21 -- /root/itProgerReact/ServerExample.js [7ms]
[2022-07-09T05:11:03.775Z] > git show --textconv :ServerExample.js [5ms]
[2022-07-09T05:11:03.777Z] > git ls-files --stage -- /root/itProgerReact/ServerExample.js [3ms]
[2022-07-09T05:11:05.421Z] > git log --format=%H%n%aN%n%aE%n%at%n%ct%n%P%n%B -z -n21 -- /root/itProgerReact/node_modules/expo/AppEntry.js [7ms]
[2022-07-09T05:11:05.835Z] > git show --textconv :node_modules/expo/AppEntry.js [8ms]
[2022-07-09T05:11:05.835Z] > git ls-files --stage -- /root/itProgerReact/node_modules/expo/AppEntry.js [2ms]
[2022-07-09T05:15:52.872Z] > git log --format=%H%n%aN%n%aE%n%at%n%ct%n%P%n%B -z -n21 -- /root/itProgerReact/index.js [4ms]
[2022-07-09T05:15:53.114Z] > git show --textconv :index.js [9ms]
[2022-07-09T05:15:53.115Z] > git ls-files --stage -- /root/itProgerReact/index.js [2ms]
[2022-07-09T05:15:54.850Z] > git log --format=%H%n%aN%n%aE%n%at%n%ct%n%P%n%B -z -n21 -- /root/itProgerReact/package.json [2ms]
[2022-07-09T05:15:55.029Z] > git show --textconv :package.json [11ms]
[2022-07-09T05:15:55.030Z] > git ls-files --stage -- /root/itProgerReact/package.json [2ms]
[2022-07-09T05:15:55.036Z] > git cat-file -s 15d6c61b57ec3f35d608284d338a23082960056d [1ms]
[2022-07-09T05:15:56.735Z] > git log --format=%H%n%aN%n%aE%n%at%n%ct%n%P%n%B -z -n21 -- /root/itProgerReact/ServerExample.js [4ms]
[2022-07-09T05:15:56.983Z] > git show --textconv :ServerExample.js [43ms]
[2022-07-09T05:15:56.985Z] > git ls-files --stage -- /root/itProgerReact/ServerExample.js [9ms]
[2022-07-09T05:16:04.471Z] > git log --format=%H%n%aN%n%aE%n%at%n%ct%n%P%n%B -z -n21 -- /root/itProgerReact/App.js [5ms]
[2022-07-09T05:16:04.698Z] > git show --textconv :App.js [11ms]
[2022-07-09T05:16:04.699Z] > git ls-files --stage -- /root/itProgerReact/App.js [2ms]
[2022-07-09T05:16:04.727Z] > git cat-file -s 4c5d2ae7ab2e69c763a9380004462549fc31f6ca [6ms]
[2022-07-09T05:16:10.573Z] > git log --format=%H%n%aN%n%aE%n%at%n%ct%n%P%n%B -z -n21 -- /root/itProgerReact/package.json [2ms]
[2022-07-09T05:16:10.794Z] > git show --textconv :package.json [7ms]
[2022-07-09T05:16:10.794Z] > git ls-files --stage -- /root/itProgerReact/package.json [1ms]
[2022-07-09T05:16:10.801Z] > git cat-file -s 15d6c61b57ec3f35d608284d338a23082960056d [2ms]
[2022-07-09T05:16:11.922Z] > git log --format=%H%n%aN%n%aE%n%at%n%ct%n%P%n%B -z -n21 -- /root/itProgerReact/app.json [3ms]
[2022-07-09T05:16:12.298Z] > git show --textconv :app.json [13ms]
[2022-07-09T05:16:12.299Z] > git ls-files --stage -- /root/itProgerReact/app.json [2ms]
[2022-07-09T05:16:12.307Z] > git cat-file -s e2d769e0e86e20895fbe6fa096081c538993aaaf [2ms]
[2022-07-09T05:16:13.030Z] > git rev-parse --show-toplevel [2ms]
[2022-07-09T05:16:13.030Z] fatal: not a git repository (or any of the parent directories): .git
[2022-07-09T05:16:13.895Z] > git log --format=%H%n%aN%n%aE%n%at%n%ct%n%P%n%B -z -n21 -- /root/itProgerReact/node_modules/expo/AppEntry.js [5ms]
[2022-07-09T05:16:14.291Z] > git show --textconv :node_modules/expo/AppEntry.js [11ms]
[2022-07-09T05:16:14.292Z] > git ls-files --stage -- /root/itProgerReact/node_modules/expo/AppEntry.js [2ms]
[2022-07-09T05:20:21.952Z] > git log --format=%H%n%aN%n%aE%n%at%n%ct%n%P%n%B -z -n21 -- /root/itProgerReact/app.json [3ms]
[2022-07-09T05:20:22.307Z] > git show --textconv :app.json [11ms]
[2022-07-09T05:20:22.308Z] > git ls-files --stage -- /root/itProgerReact/app.json [1ms]
[2022-07-09T05:20:22.315Z] > git cat-file -s e2d769e0e86e20895fbe6fa096081c538993aaaf [2ms]
[2022-07-09T05:20:26.558Z] > git log --format=%H%n%aN%n%aE%n%at%n%ct%n%P%n%B -z -n21 -- /root/itProgerReact/ServerExample.js [4ms]
[2022-07-09T05:20:26.805Z] > git show --textconv :ServerExample.js [8ms]
[2022-07-09T05:20:26.806Z] > git ls-files --stage -- /root/itProgerReact/ServerExample.js [1ms]
[2022-07-09T05:20:28.081Z] > git rev-parse --show-toplevel [1ms]
[2022-07-09T05:20:28.081Z] fatal: not a git repository (or any of the parent directories): .git
[2022-07-09T05:23:15.407Z] > git log --format=%H%n%aN%n%aE%n%at%n%ct%n%P%n%B -z -n21 -- /root/itProgerReact/App.js [2ms]
[2022-07-09T05:23:15.886Z] > git show --textconv :App.js [12ms]
[2022-07-09T05:23:15.891Z] > git ls-files --stage -- /root/itProgerReact/App.js [7ms]
[2022-07-09T05:23:15.899Z] > git cat-file -s 4c5d2ae7ab2e69c763a9380004462549fc31f6ca [1ms]
[2022-07-09T05:23:17.349Z] > git log --format=%H%n%aN%n%aE%n%at%n%ct%n%P%n%B -z -n21 -- /root/itProgerReact/ServerExample.js [5ms]
[2022-07-09T05:23:17.528Z] > git show --textconv :ServerExample.js [8ms]
[2022-07-09T05:23:17.528Z] > git ls-files --stage -- /root/itProgerReact/ServerExample.js [1ms]
[2022-07-09T05:23:19.696Z] > git log --format=%H%n%aN%n%aE%n%at%n%ct%n%P%n%B -z -n21 -- /root/itProgerReact/index.js [2ms]
[2022-07-09T05:23:19.881Z] > git show --textconv :index.js [23ms]
[2022-07-09T05:23:19.881Z] > git ls-files --stage -- /root/itProgerReact/index.js [5ms]
[2022-07-09T05:23:21.423Z] > git log --format=%H%n%aN%n%aE%n%at%n%ct%n%P%n%B -z -n21 -- /root/itProgerReact/package.json [2ms]
[2022-07-09T05:23:21.882Z] > git show --textconv :package.json [10ms]
[2022-07-09T05:23:21.883Z] > git ls-files --stage -- /root/itProgerReact/package.json [2ms]
[2022-07-09T05:23:21.889Z] > git cat-file -s 15d6c61b57ec3f35d608284d338a23082960056d [1ms]
[2022-07-09T05:23:22.038Z] > git log --format=%H%n%aN%n%aE%n%at%n%ct%n%P%n%B -z -n21 -- /root/itProgerReact/app.json [2ms]
[2022-07-09T05:23:22.236Z] > git show --textconv :app.json [11ms]
[2022-07-09T05:23:22.237Z] > git ls-files --stage -- /root/itProgerReact/app.json [1ms]
[2022-07-09T05:23:22.242Z] > git cat-file -s e2d769e0e86e20895fbe6fa096081c538993aaaf [0ms]
[2022-07-09T05:23:23.126Z] > git log --format=%H%n%aN%n%aE%n%at%n%ct%n%P%n%B -z -n21 -- /root/itProgerReact/node_modules/expo/AppEntry.js [7ms]
[2022-07-09T05:23:23.376Z] > git show --textconv :node_modules/expo/AppEntry.js [6ms]
[2022-07-09T05:23:23.377Z] > git ls-files --stage -- /root/itProgerReact/node_modules/expo/AppEntry.js [2ms]
[2022-07-09T05:24:11.459Z] > git log --format=%H%n%aN%n%aE%n%at%n%ct%n%P%n%B -z -n21 -- /root/itProgerReact/ServerExample.js [1ms]
[2022-07-09T05:24:11.698Z] > git show --textconv :ServerExample.js [17ms]
[2022-07-09T05:24:11.699Z] > git ls-files --stage -- /root/itProgerReact/ServerExample.js [2ms]
[2022-07-09T05:25:31.909Z] > git check-ignore -v -z --stdin [2ms]
[2022-07-09T05:26:46.134Z] > git log --format=%H%n%aN%n%aE%n%at%n%ct%n%P%n%B -z -n21 -- /root/itProgerReact/node_modules/expo/AppEntry.js [4ms]
[2022-07-09T05:26:46.564Z] > git show --textconv :node_modules/expo/AppEntry.js [14ms]
[2022-07-09T05:26:46.565Z] > git ls-files --stage -- /root/itProgerReact/node_modules/expo/AppEntry.js [2ms]
[2022-07-09T05:28:05.685Z] > git log --format=%H%n%aN%n%aE%n%at%n%ct%n%P%n%B -z -n21 -- /root/itProgerReact/index.js [9ms]
[2022-07-09T05:28:05.920Z] > git show --textconv :index.js [13ms]
[2022-07-09T05:28:05.921Z] > git ls-files --stage -- /root/itProgerReact/index.js [2ms]
[2022-07-09T05:28:06.975Z] > git log --format=%H%n%aN%n%aE%n%at%n%ct%n%P%n%B -z -n21 -- /root/itProgerReact/package.json [2ms]
[2022-07-09T05:28:07.222Z] > git show --textconv :package.json [10ms]
[2022-07-09T05:28:07.224Z] > git ls-files --stage -- /root/itProgerReact/package.json [3ms]
[2022-07-09T05:28:07.238Z] > git cat-file -s 15d6c61b57ec3f35d608284d338a23082960056d [3ms]
[2022-07-09T05:28:07.842Z] > git rev-parse --show-toplevel [2ms]
[2022-07-09T05:28:07.842Z] fatal: not a git repository (or any of the parent directories): .git
[2022-07-09T05:28:08.755Z] > git log --format=%H%n%aN%n%aE%n%at%n%ct%n%P%n%B -z -n21 -- /root/itProgerReact/app.json [3ms]
[2022-07-09T05:28:09.058Z] > git show --textconv :app.json [16ms]
[2022-07-09T05:28:09.058Z] > git ls-files --stage -- /root/itProgerReact/app.json [4ms]
[2022-07-09T05:28:09.067Z] > git cat-file -s e2d769e0e86e20895fbe6fa096081c538993aaaf [2ms]
[2022-07-09T05:28:09.397Z] > git check-ignore -v -z --stdin [1ms]
[2022-07-09T05:28:09.722Z] > git log --format=%H%n%aN%n%aE%n%at%n%ct%n%P%n%B -z -n21 -- /root/itProgerReact/App.js [5ms]
[2022-07-09T05:28:10.055Z] > git show --textconv :App.js [11ms]
[2022-07-09T05:28:10.056Z] > git ls-files --stage -- /root/itProgerReact/App.js [2ms]
[2022-07-09T05:28:10.063Z] > git cat-file -s 4c5d2ae7ab2e69c763a9380004462549fc31f6ca [2ms]
[2022-07-09T05:28:12.800Z] > git log --format=%H%n%aN%n%aE%n%at%n%ct%n%P%n%B -z -n21 -- /root/itProgerReact/ServerExample.js [2ms]
[2022-07-09T05:28:13.042Z] > git show --textconv :ServerExample.js [14ms]
[2022-07-09T05:28:13.043Z] > git ls-files --stage -- /root/itProgerReact/ServerExample.js [2ms]
[2022-07-09T05:28:33.420Z] > git check-ignore -v -z --stdin [2ms]
[2022-07-09T05:28:36.659Z] > git check-ignore -v -z --stdin [2ms]
[2022-07-09T05:28:38.060Z] > git check-ignore -v -z --stdin [2ms]
[2022-07-09T05:28:39.119Z] > git check-ignore -v -z --stdin [2ms]
[2022-07-09T05:29:12.660Z] > git rev-parse --show-toplevel [4ms]
[2022-07-09T05:29:12.660Z] fatal: not a git repository (or any of the parent directories): .git
[2022-07-09T05:30:42.598Z] > git log --format=%H%n%aN%n%aE%n%at%n%ct%n%P%n%B -z -n21 -- /root/itProgerReact/ServerExample.js [5ms]
[2022-07-09T05:30:42.938Z] > git show --textconv :ServerExample.js [13ms]
[2022-07-09T05:30:42.940Z] > git ls-files --stage -- /root/itProgerReact/ServerExample.js [3ms]
[2022-07-09T05:32:26.094Z] > git log --format=%H%n%aN%n%aE%n%at%n%ct%n%P%n%B -z -n21 -- /root/itProgerReact/App.js [4ms]
[2022-07-09T05:32:26.371Z] > git show --textconv :App.js [12ms]
[2022-07-09T05:32:26.373Z] > git ls-files --stage -- /root/itProgerReact/App.js [2ms]
[2022-07-09T05:32:26.380Z] > git cat-file -s 4c5d2ae7ab2e69c763a9380004462549fc31f6ca [1ms]
[2022-07-09T05:32:28.127Z] > git log --format=%H%n%aN%n%aE%n%at%n%ct%n%P%n%B -z -n21 -- /root/itProgerReact/package.json [3ms]
[2022-07-09T05:32:28.409Z] > git ls-files --stage -- /root/itProgerReact/package.json [3ms]
[2022-07-09T05:32:28.416Z] > git show --textconv :package.json [17ms]
[2022-07-09T05:32:28.417Z] > git cat-file -s 15d6c61b57ec3f35d608284d338a23082960056d [1ms]
[2022-07-09T05:32:28.949Z] > git log --format=%H%n%aN%n%aE%n%at%n%ct%n%P%n%B -z -n21 -- /root/itProgerReact/index.js [2ms]
[2022-07-09T05:32:29.153Z] > git show --textconv :index.js [13ms]
[2022-07-09T05:32:29.154Z] > git ls-files --stage -- /root/itProgerReact/index.js [2ms]
[2022-07-09T05:32:30.623Z] > git log --format=%H%n%aN%n%aE%n%at%n%ct%n%P%n%B -z -n21 -- /root/itProgerReact/App.js [3ms]
[2022-07-09T05:32:31.117Z] > git show --textconv :App.js [11ms]
[2022-07-09T05:32:31.117Z] > git ls-files --stage -- /root/itProgerReact/App.js [2ms]
[2022-07-09T05:32:31.129Z] > git cat-file -s 4c5d2ae7ab2e69c763a9380004462549fc31f6ca [4ms]
[2022-07-09T05:32:31.577Z] > git log --format=%H%n%aN%n%aE%n%at%n%ct%n%P%n%B -z -n21 -- /root/itProgerReact/index.js [4ms]
[2022-07-09T05:32:31.760Z] > git show --textconv :index.js [8ms]
[2022-07-09T05:32:31.761Z] > git ls-files --stage -- /root/itProgerReact/index.js [2ms]
[2022-07-09T05:32:35.990Z] > git rev-parse --show-toplevel [4ms]
[2022-07-09T05:32:35.990Z] fatal: not a git repository (or any of the parent directories): .git
[2022-07-09T05:32:56.067Z] > git log --format=%H%n%aN%n%aE%n%at%n%ct%n%P%n%B -z -n21 -- /root/itProgerReact/ServerExample.js [4ms]
[2022-07-09T05:32:56.398Z] > git show --textconv :ServerExample.js [11ms]
[2022-07-09T05:32:56.399Z] > git ls-files --stage -- /root/itProgerReact/ServerExample.js [2ms]
[2022-07-09T05:35:28.755Z] > git log --format=%H%n%aN%n%aE%n%at%n%ct%n%P%n%B -z -n21 -- /root/itProgerReact/App.js [4ms]
[2022-07-09T05:35:28.979Z] > git show --textconv :App.js [7ms]
[2022-07-09T05:35:28.981Z] > git ls-files --stage -- /root/itProgerReact/App.js [3ms]
[2022-07-09T05:35:28.989Z] > git cat-file -s 4c5d2ae7ab2e69c763a9380004462549fc31f6ca [1ms]
[2022-07-09T05:35:30.021Z] > git log --format=%H%n%aN%n%aE%n%at%n%ct%n%P%n%B -z -n21 -- /root/itProgerReact/app.json [3ms]
[2022-07-09T05:35:30.290Z] > git show --textconv :app.json [8ms]
[2022-07-09T05:35:30.291Z] > git ls-files --stage -- /root/itProgerReact/app.json [2ms]
[2022-07-09T05:35:30.299Z] > git cat-file -s e2d769e0e86e20895fbe6fa096081c538993aaaf [1ms]
[2022-07-09T05:35:31.271Z] > git log --format=%H%n%aN%n%aE%n%at%n%ct%n%P%n%B -z -n21 -- /root/itProgerReact/node_modules/expo/AppEntry.js [5ms]
[2022-07-09T05:35:31.521Z] > git show --textconv :node_modules/expo/AppEntry.js [6ms]
[2022-07-09T05:35:31.522Z] > git ls-files --stage -- /root/itProgerReact/node_modules/expo/AppEntry.js [1ms]
[2022-07-09T05:35:33.434Z] > git log --format=%H%n%aN%n%aE%n%at%n%ct%n%P%n%B -z -n21 -- /root/itProgerReact/index.js [4ms]
[2022-07-09T05:35:33.628Z] > git show --textconv :index.js [7ms]
[2022-07-09T05:35:33.629Z] > git ls-files --stage -- /root/itProgerReact/index.js [2ms]
[2022-07-09T05:35:34.905Z] > git rev-parse --show-toplevel [6ms]
[2022-07-09T05:35:34.905Z] fatal: not a git repository (or any of the parent directories): .git
[2022-07-09T05:36:00.048Z] > git log --format=%H%n%aN%n%aE%n%at%n%ct%n%P%n%B -z -n21 -- /root/itProgerReact/App.js [4ms]
[2022-07-09T05:36:00.300Z] > git show --textconv :App.js [13ms]
[2022-07-09T05:36:00.301Z] > git ls-files --stage -- /root/itProgerReact/App.js [2ms]
[2022-07-09T05:36:00.309Z] > git cat-file -s 4c5d2ae7ab2e69c763a9380004462549fc31f6ca [2ms]
[2022-07-09T05:36:01.174Z] > git log --format=%H%n%aN%n%aE%n%at%n%ct%n%P%n%B -z -n21 -- /root/itProgerReact/ServerExample.js [4ms]
[2022-07-09T05:36:01.424Z] > git show --textconv :ServerExample.js [12ms]
[2022-07-09T05:36:01.431Z] > git ls-files --stage -- /root/itProgerReact/ServerExample.js [8ms]
[2022-07-09T05:36:56.264Z] > git log --format=%H%n%aN%n%aE%n%at%n%ct%n%P%n%B -z -n21 -- /root/itProgerReact/App.js [6ms]
[2022-07-09T05:36:56.536Z] > git show --textconv :App.js [11ms]
[2022-07-09T05:36:56.538Z] > git ls-files --stage -- /root/itProgerReact/App.js [2ms]
[2022-07-09T05:36:56.546Z] > git cat-file -s 4c5d2ae7ab2e69c763a9380004462549fc31f6ca [2ms]
[2022-07-09T05:36:58.039Z] > git log --format=%H%n%aN%n%aE%n%at%n%ct%n%P%n%B -z -n21 -- /root/itProgerReact/index.js [5ms]
[2022-07-09T05:36:58.354Z] > git show --textconv :index.js [16ms]
[2022-07-09T05:36:58.356Z] > git ls-files --stage -- /root/itProgerReact/index.js [6ms]
[2022-07-09T05:36:59.627Z] > git log --format=%H%n%aN%n%aE%n%at%n%ct%n%P%n%B -z -n21 -- /root/itProgerReact/node_modules/expo/AppEntry.js [6ms]
[2022-07-09T05:36:59.880Z] > git show --textconv :node_modules/expo/AppEntry.js [8ms]
[2022-07-09T05:36:59.882Z] > git ls-files --stage -- /root/itProgerReact/node_modules/expo/AppEntry.js [3ms]
[2022-07-09T05:37:00.909Z] > git log --format=%H%n%aN%n%aE%n%at%n%ct%n%P%n%B -z -n21 -- /root/itProgerReact/index.js [4ms]
[2022-07-09T05:37:01.230Z] > git show --textconv :index.js [13ms]
[2022-07-09T05:37:01.231Z] > git ls-files --stage -- /root/itProgerReact/index.js [2ms]
[2022-07-09T05:37:02.011Z] > git rev-parse --show-toplevel [4ms]
[2022-07-09T05:37:02.011Z] fatal: not a git repository (or any of the parent directories): .git
[2022-07-09T05:37:02.583Z] > git rev-parse --show-toplevel [1ms]
[2022-07-09T05:37:02.584Z] fatal: not a git repository (or any of the parent directories): .git
[2022-07-09T05:37:03.615Z] > git rev-parse --show-toplevel [3ms]
[2022-07-09T05:37:03.615Z] fatal: not a git repository (or any of the parent directories): .git
[2022-07-09T05:37:04.108Z] > git log --format=%H%n%aN%n%aE%n%at%n%ct%n%P%n%B -z -n21 -- /root/itProgerReact/index.js [5ms]
[2022-07-09T05:37:04.331Z] > git show --textconv :index.js [12ms]
[2022-07-09T05:37:04.332Z] > git ls-files --stage -- /root/itProgerReact/index.js [2ms]
[2022-07-09T05:37:05.744Z] > git rev-parse --show-toplevel [3ms]
[2022-07-09T05:37:05.744Z] fatal: not a git repository (or any of the parent directories): .git
[2022-07-09T05:37:06.413Z] > git log --format=%H%n%aN%n%aE%n%at%n%ct%n%P%n%B -z -n21 -- /root/itProgerReact/node_modules/expo/AppEntry.js [4ms]
[2022-07-09T05:37:06.734Z] > git show --textconv :node_modules/expo/AppEntry.js [15ms]
[2022-07-09T05:37:06.735Z] > git ls-files --stage -- /root/itProgerReact/node_modules/expo/AppEntry.js [4ms]
[2022-07-09T05:37:08.740Z] > git rev-parse --show-toplevel [5ms]
[2022-07-09T05:37:08.740Z] fatal: not a git repository (or any of the parent directories): .git
[2022-07-09T05:45:50.172Z] > git log --format=%H%n%aN%n%aE%n%at%n%ct%n%P%n%B -z -n21 -- /root/itProgerReact/app.json [3ms]
[2022-07-09T05:45:50.419Z] > git show --textconv :app.json [7ms]
[2022-07-09T05:45:50.421Z] > git ls-files --stage -- /root/itProgerReact/app.json [3ms]
[2022-07-09T05:45:50.426Z] > git cat-file -s e2d769e0e86e20895fbe6fa096081c538993aaaf [0ms]
[2022-07-09T05:45:51.388Z] > git rev-parse --show-toplevel [6ms]
[2022-07-09T05:45:51.388Z] fatal: not a git repository (or any of the parent directories): .git
[2022-07-09T05:46:11.402Z] > git log --format=%H%n%aN%n%aE%n%at%n%ct%n%P%n%B -z -n21 -- /root/itProgerReact/app.json [3ms]
[2022-07-09T05:46:11.855Z] > git show --textconv :app.json [12ms]
[2022-07-09T05:46:11.855Z] > git ls-files --stage -- /root/itProgerReact/app.json [1ms]
[2022-07-09T05:46:11.864Z] > git cat-file -s e2d769e0e86e20895fbe6fa096081c538993aaaf [1ms]
[2022-07-09T05:46:13.339Z] > git log --format=%H%n%aN%n%aE%n%at%n%ct%n%P%n%B -z -n21 -- /root/itProgerReact/App.js [4ms]
[2022-07-09T05:46:14.064Z] > git show --textconv :App.js [14ms]
[2022-07-09T05:46:14.065Z] > git ls-files --stage -- /root/itProgerReact/App.js [2ms]
[2022-07-09T05:46:14.074Z] > git cat-file -s 4c5d2ae7ab2e69c763a9380004462549fc31f6ca [1ms]
[2022-07-09T05:46:16.110Z] > git log --format=%H%n%aN%n%aE%n%at%n%ct%n%P%n%B -z -n21 -- /root/itProgerReact/index.js [2ms]
[2022-07-09T05:46:16.603Z] > git show --textconv :index.js [16ms]
[2022-07-09T05:46:16.604Z] > git ls-files --stage -- /root/itProgerReact/index.js [2ms]
[2022-07-09T05:46:17.589Z] > git log --format=%H%n%aN%n%aE%n%at%n%ct%n%P%n%B -z -n21 -- /root/itProgerReact/ServerExample.js [10ms]
[2022-07-09T05:46:18.773Z] > git show --textconv :ServerExample.js [12ms]
[2022-07-09T05:46:18.773Z] > git ls-files --stage -- /root/itProgerReact/ServerExample.js [1ms]
[2022-07-09T05:49:52.829Z] > git rev-parse --show-toplevel [3ms]
[2022-07-09T05:49:52.829Z] fatal: not a git repository (or any of the parent directories): .git
[2022-07-09T05:50:55.935Z] > git log --format=%H%n%aN%n%aE%n%at%n%ct%n%P%n%B -z -n21 -- /root/itProgerReact/ServerExample.js [4ms]
[2022-07-09T05:50:56.422Z] > git show --textconv :ServerExample.js [13ms]
[2022-07-09T05:50:56.423Z] > git ls-files --stage -- /root/itProgerReact/ServerExample.js [2ms]
[2022-07-09T06:00:32.168Z] > git rev-parse --show-toplevel [4ms]
[2022-07-09T06:00:32.168Z] fatal: not a git repository (or any of the parent directories): .git
[2022-07-09T06:00:34.299Z] > git log --format=%H%n%aN%n%aE%n%at%n%ct%n%P%n%B -z -n21 -- /root/itProgerReact/app.json [3ms]
[2022-07-09T06:00:34.661Z] > git show --textconv :app.json [13ms]
[2022-07-09T06:00:34.662Z] > git ls-files --stage -- /root/itProgerReact/app.json [2ms]
[2022-07-09T06:00:34.670Z] > git cat-file -s e2d769e0e86e20895fbe6fa096081c538993aaaf [2ms]
[2022-07-09T06:00:35.869Z] > git rev-parse --show-toplevel [3ms]
[2022-07-09T06:00:35.869Z] fatal: not a git repository (or any of the parent directories): .git
[2022-07-09T06:01:01.244Z] > git rev-parse --show-toplevel [5ms]
[2022-07-09T06:01:01.244Z] fatal: not a git repository (or any of the parent directories): .git
[2022-07-09T06:01:01.770Z] > git check-ignore -v -z --stdin [4ms]
[2022-07-09T06:01:16.934Z] > git rev-parse --show-toplevel [3ms]
[2022-07-09T06:01:16.934Z] fatal: not a git repository (or any of the parent directories): .git
[2022-07-09T06:01:17.079Z] > git rev-parse --show-toplevel [3ms]
[2022-07-09T06:01:17.079Z] fatal: not a git repository (or any of the parent directories): .git
[2022-07-09T06:01:27.551Z] > git rev-parse --show-toplevel [4ms]
[2022-07-09T06:01:27.551Z] fatal: not a git repository (or any of the parent directories): .git
[2022-07-09T06:01:34.387Z] > git rev-parse --show-toplevel [19ms]
[2022-07-09T06:01:34.387Z] fatal: not a git repository (or any of the parent directories): .git
[2022-07-09T06:01:51.583Z] > git rev-parse --show-toplevel [1ms]
[2022-07-09T06:01:51.583Z] fatal: not a git repository (or any of the parent directories): .git
[2022-07-09T06:01:54.255Z] > git log --format=%H%n%aN%n%aE%n%at%n%ct%n%P%n%B -z -n21 -- /root/itProgerReact/ServerExample.js [4ms]
[2022-07-09T06:01:54.721Z] > git show --textconv :ServerExample.js [12ms]
[2022-07-09T06:01:54.721Z] > git ls-files --stage -- /root/itProgerReact/ServerExample.js [4ms]
[2022-07-09T06:02:00.200Z] > git log --format=%H%n%aN%n%aE%n%at%n%ct%n%P%n%B -z -n21 -- /root/itProgerReact/index.js [3ms]
[2022-07-09T06:02:00.572Z] > git show --textconv :index.js [10ms]
[2022-07-09T06:02:00.573Z] > git ls-files --stage -- /root/itProgerReact/index.js [3ms]
[2022-07-09T06:02:04.241Z] > git rev-parse --show-toplevel [4ms]
[2022-07-09T06:02:04.241Z] fatal: not a git repository (or any of the parent directories): .git
[2022-07-09T06:03:27.526Z] > git log --format=%H%n%aN%n%aE%n%at%n%ct%n%P%n%B -z -n21 -- /root/itProgerReact/index.js [5ms]
[2022-07-09T06:03:27.890Z] > git show --textconv :index.js [13ms]
[2022-07-09T06:03:27.891Z] > git ls-files --stage -- /root/itProgerReact/index.js [3ms]
[2022-07-09T06:03:31.412Z] > git log --format=%H%n%aN%n%aE%n%at%n%ct%n%P%n%B -z -n21 -- /root/itProgerReact/package.json [3ms]
[2022-07-09T06:03:32.685Z] > git rev-parse --show-toplevel [4ms]
[2022-07-09T06:03:32.685Z] fatal: not a git repository (or any of the parent directories): .git
[2022-07-09T06:03:34.172Z] > git log --format=%H%n%aN%n%aE%n%at%n%ct%n%P%n%B -z -n21 -- /root/itProgerReact/ServerExample.js [2ms]
[2022-07-09T06:03:34.528Z] > git show --textconv :ServerExample.js [14ms]
[2022-07-09T06:03:34.530Z] > git ls-files --stage -- /root/itProgerReact/ServerExample.js [3ms]
